{"K:\\temp\\mcp-test\\src\\user-input.service.ts": {"path":"K:\\temp\\mcp-test\\src\\user-input.service.ts","statementMap":{"0":{"start":{"line":1,"column":0},"end":{"line":1,"column":52}},"1":{"start":{"line":2,"column":0},"end":{"line":2,"column":37}},"2":{"start":{"line":5,"column":29},"end":{"line":101,"column":null}},"3":{"start":{"line":6,"column":30},"end":{"line":6,"column":63}},"4":{"start":{"line":10,"column":8},"end":{"line":13,"column":11}},"5":{"start":{"line":17,"column":8},"end":{"line":21,"column":11}},"6":{"start":{"line":18,"column":12},"end":{"line":20,"column":15}},"7":{"start":{"line":19,"column":16},"end":{"line":19,"column":39}},"8":{"start":{"line":25,"column":8},"end":{"line":25,"column":56}},"9":{"start":{"line":26,"column":8},"end":{"line":26,"column":62}},"10":{"start":{"line":27,"column":8},"end":{"line":27,"column":79}},"11":{"start":{"line":28,"column":8},"end":{"line":28,"column":62}},"12":{"start":{"line":29,"column":8},"end":{"line":29,"column":62}},"13":{"start":{"line":30,"column":8},"end":{"line":30,"column":62}},"14":{"start":{"line":31,"column":8},"end":{"line":31,"column":24}},"15":{"start":{"line":32,"column":8},"end":{"line":32,"column":61}},"16":{"start":{"line":33,"column":8},"end":{"line":33,"column":48}},"17":{"start":{"line":34,"column":8},"end":{"line":34,"column":53}},"18":{"start":{"line":35,"column":8},"end":{"line":35,"column":57}},"19":{"start":{"line":36,"column":8},"end":{"line":36,"column":24}},"20":{"start":{"line":38,"column":23},"end":{"line":39,"column":null}},"21":{"start":{"line":41,"column":20},"end":{"line":41,"column":72}},"22":{"start":{"line":43,"column":8},"end":{"line":43,"column":31}},"23":{"start":{"line":47,"column":23},"end":{"line":48,"column":null}},"24":{"start":{"line":50,"column":8},"end":{"line":50,"column":52}},"25":{"start":{"line":54,"column":8},"end":{"line":54,"column":49}},"26":{"start":{"line":56,"column":8},"end":{"line":79,"column":9}},"27":{"start":{"line":57,"column":12},"end":{"line":57,"column":56}},"28":{"start":{"line":58,"column":12},"end":{"line":60,"column":13}},"29":{"start":{"line":59,"column":16},"end":{"line":59,"column":72}},"30":{"start":{"line":61,"column":12},"end":{"line":73,"column":13}},"31":{"start":{"line":62,"column":16},"end":{"line":62,"column":73}},"32":{"start":{"line":63,"column":16},"end":{"line":67,"column":19}},"33":{"start":{"line":64,"column":20},"end":{"line":66,"column":22}},"34":{"start":{"line":68,"column":16},"end":{"line":72,"column":17}},"35":{"start":{"line":69,"column":20},"end":{"line":71,"column":22}},"36":{"start":{"line":75,"column":12},"end":{"line":75,"column":54}},"37":{"start":{"line":76,"column":12},"end":{"line":78,"column":13}},"38":{"start":{"line":77,"column":16},"end":{"line":77,"column":59}},"39":{"start":{"line":83,"column":8},"end":{"line":83,"column":63}},"40":{"start":{"line":84,"column":8},"end":{"line":86,"column":10}},"41":{"start":{"line":87,"column":8},"end":{"line":89,"column":10}},"42":{"start":{"line":90,"column":8},"end":{"line":90,"column":24}},"43":{"start":{"line":94,"column":8},"end":{"line":94,"column":72}},"44":{"start":{"line":95,"column":8},"end":{"line":95,"column":32}},"45":{"start":{"line":99,"column":8},"end":{"line":99,"column":24}},"46":{"start":{"line":5,"column":13},"end":{"line":5,"column":29}},"47":{"start":{"line":5,"column":13},"end":{"line":101,"column":null}}},"fnMap":{"0":{"name":"(anonymous_11)","decl":{"start":{"line":9,"column":4},"end":{"line":9,"column":null}},"loc":{"start":{"line":9,"column":4},"end":{"line":14,"column":5}}},"1":{"name":"(anonymous_12)","decl":{"start":{"line":16,"column":11},"end":{"line":16,"column":16}},"loc":{"start":{"line":16,"column":44},"end":{"line":22,"column":5}}},"2":{"name":"(anonymous_13)","decl":{"start":{"line":17,"column":27},"end":{"line":17,"column":28}},"loc":{"start":{"line":17,"column":39},"end":{"line":21,"column":9}}},"3":{"name":"(anonymous_14)","decl":{"start":{"line":18,"column":37},"end":{"line":18,"column":38}},"loc":{"start":{"line":18,"column":48},"end":{"line":20,"column":13}}},"4":{"name":"(anonymous_15)","decl":{"start":{"line":24,"column":11},"end":{"line":24,"column":16}},"loc":{"start":{"line":24,"column":34},"end":{"line":44,"column":5}}},"5":{"name":"(anonymous_16)","decl":{"start":{"line":46,"column":11},"end":{"line":46,"column":16}},"loc":{"start":{"line":46,"column":36},"end":{"line":51,"column":5}}},"6":{"name":"(anonymous_17)","decl":{"start":{"line":53,"column":11},"end":{"line":53,"column":24}},"loc":{"start":{"line":53,"column":36},"end":{"line":80,"column":5}}},"7":{"name":"(anonymous_18)","decl":{"start":{"line":63,"column":48},"end":{"line":63,"column":49}},"loc":{"start":{"line":63,"column":77},"end":{"line":67,"column":17}}},"8":{"name":"(anonymous_19)","decl":{"start":{"line":82,"column":11},"end":{"line":82,"column":25}},"loc":{"start":{"line":82,"column":25},"end":{"line":91,"column":5}}},"9":{"name":"(anonymous_20)","decl":{"start":{"line":93,"column":11},"end":{"line":93,"column":25}},"loc":{"start":{"line":93,"column":25},"end":{"line":96,"column":5}}},"10":{"name":"(anonymous_21)","decl":{"start":{"line":98,"column":11},"end":{"line":98,"column":16}},"loc":{"start":{"line":98,"column":16},"end":{"line":100,"column":5}}}},"branchMap":{"0":{"loc":{"start":{"line":56,"column":8},"end":{"line":79,"column":9}},"type":"if","locations":[{"start":{"line":56,"column":8},"end":{"line":79,"column":9}},{"start":{"line":74,"column":15},"end":{"line":79,"column":9}}]},"1":{"loc":{"start":{"line":58,"column":12},"end":{"line":60,"column":13}},"type":"if","locations":[{"start":{"line":58,"column":12},"end":{"line":60,"column":13}}]},"2":{"loc":{"start":{"line":61,"column":12},"end":{"line":73,"column":13}},"type":"if","locations":[{"start":{"line":61,"column":12},"end":{"line":73,"column":13}}]},"3":{"loc":{"start":{"line":61,"column":16},"end":{"line":61,"column":53}},"type":"binary-expr","locations":[{"start":{"line":61,"column":16},"end":{"line":61,"column":27}},{"start":{"line":61,"column":31},"end":{"line":61,"column":53}}]},"4":{"loc":{"start":{"line":68,"column":16},"end":{"line":72,"column":17}},"type":"if","locations":[{"start":{"line":68,"column":16},"end":{"line":72,"column":17}}]},"5":{"loc":{"start":{"line":76,"column":12},"end":{"line":78,"column":13}},"type":"if","locations":[{"start":{"line":76,"column":12},"end":{"line":78,"column":13}}]}},"s":{"0":0,"1":0,"2":0,"3":0,"4":0,"5":0,"6":0,"7":0,"8":0,"9":0,"10":0,"11":0,"12":0,"13":0,"14":0,"15":0,"16":0,"17":0,"18":0,"19":0,"20":0,"21":0,"22":0,"23":0,"24":0,"25":0,"26":0,"27":0,"28":0,"29":0,"30":0,"31":0,"32":0,"33":0,"34":0,"35":0,"36":0,"37":0,"38":0,"39":0,"40":0,"41":0,"42":0,"43":0,"44":0,"45":0,"46":0,"47":0},"f":{"0":0,"1":0,"2":0,"3":0,"4":0,"5":0,"6":0,"7":0,"8":0,"9":0,"10":0},"b":{"0":[0,0],"1":[0],"2":[0],"3":[0,0],"4":[0],"5":[0]}}
,"K:\\temp\\mcp-test\\src\\ai\\ollama.service.ts": {"path":"K:\\temp\\mcp-test\\src\\ai\\ollama.service.ts","statementMap":{"0":{"start":{"line":1,"column":0},"end":{"line":1,"column":52}},"1":{"start":{"line":2,"column":0},"end":{"line":2,"column":32}},"2":{"start":{"line":6,"column":26},"end":{"line":124,"column":null}},"3":{"start":{"line":7,"column":30},"end":{"line":7,"column":60}},"4":{"start":{"line":11,"column":24},"end":{"line":11,"column":79}},"5":{"start":{"line":12,"column":8},"end":{"line":12,"column":52}},"6":{"start":{"line":24,"column":12},"end":{"line":24,"column":19}},"7":{"start":{"line":26,"column":8},"end":{"line":44,"column":9}},"8":{"start":{"line":27,"column":12},"end":{"line":27,"column":70}},"9":{"start":{"line":29,"column":29},"end":{"line":37,"column":14}},"10":{"start":{"line":39,"column":12},"end":{"line":39,"column":61}},"11":{"start":{"line":40,"column":12},"end":{"line":40,"column":37}},"12":{"start":{"line":42,"column":12},"end":{"line":42,"column":77}},"13":{"start":{"line":43,"column":12},"end":{"line":43,"column":74}},"14":{"start":{"line":52,"column":24},"end":{"line":68,"column":10}},"15":{"start":{"line":70,"column":23},"end":{"line":70,"column":44}},"16":{"start":{"line":71,"column":8},"end":{"line":71,"column":71}},"17":{"start":{"line":79,"column":23},"end":{"line":86,"column":24}},"18":{"start":{"line":88,"column":8},"end":{"line":91,"column":11}},"19":{"start":{"line":95,"column":8},"end":{"line":101,"column":9}},"20":{"start":{"line":96,"column":12},"end":{"line":96,"column":37}},"21":{"start":{"line":97,"column":12},"end":{"line":97,"column":24}},"22":{"start":{"line":99,"column":12},"end":{"line":99,"column":76}},"23":{"start":{"line":100,"column":12},"end":{"line":100,"column":25}},"24":{"start":{"line":105,"column":8},"end":{"line":111,"column":9}},"25":{"start":{"line":106,"column":29},"end":{"line":106,"column":53}},"26":{"start":{"line":107,"column":12},"end":{"line":107,"column":74}},"27":{"start":{"line":107,"column":56},"end":{"line":107,"column":66}},"28":{"start":{"line":109,"column":12},"end":{"line":109,"column":71}},"29":{"start":{"line":110,"column":12},"end":{"line":110,"column":22}},"30":{"start":{"line":115,"column":8},"end":{"line":122,"column":9}},"31":{"start":{"line":116,"column":12},"end":{"line":116,"column":59}},"32":{"start":{"line":117,"column":12},"end":{"line":117,"column":57}},"33":{"start":{"line":118,"column":12},"end":{"line":118,"column":70}},"34":{"start":{"line":120,"column":12},"end":{"line":120,"column":74}},"35":{"start":{"line":121,"column":12},"end":{"line":121,"column":70}},"36":{"start":{"line":6,"column":13},"end":{"line":6,"column":26}},"37":{"start":{"line":6,"column":13},"end":{"line":124,"column":null}}},"fnMap":{"0":{"name":"(anonymous_2)","decl":{"start":{"line":10,"column":4},"end":{"line":10,"column":null}},"loc":{"start":{"line":10,"column":4},"end":{"line":13,"column":5}}},"1":{"name":"(anonymous_3)","decl":{"start":{"line":15,"column":11},"end":{"line":15,"column":16}},"loc":{"start":{"line":17,"column":35},"end":{"line":45,"column":5}}},"2":{"name":"(anonymous_4)","decl":{"start":{"line":47,"column":11},"end":{"line":47,"column":16}},"loc":{"start":{"line":50,"column":37},"end":{"line":72,"column":5}}},"3":{"name":"(anonymous_5)","decl":{"start":{"line":74,"column":11},"end":{"line":74,"column":16}},"loc":{"start":{"line":77,"column":37},"end":{"line":92,"column":5}}},"4":{"name":"(anonymous_6)","decl":{"start":{"line":94,"column":11},"end":{"line":94,"column":16}},"loc":{"start":{"line":94,"column":28},"end":{"line":102,"column":5}}},"5":{"name":"(anonymous_7)","decl":{"start":{"line":104,"column":11},"end":{"line":104,"column":16}},"loc":{"start":{"line":104,"column":35},"end":{"line":112,"column":5}}},"6":{"name":"(anonymous_8)","decl":{"start":{"line":107,"column":40},"end":{"line":107,"column":41}},"loc":{"start":{"line":107,"column":56},"end":{"line":107,"column":66}}},"7":{"name":"(anonymous_9)","decl":{"start":{"line":114,"column":11},"end":{"line":114,"column":16}},"loc":{"start":{"line":114,"column":44},"end":{"line":123,"column":5}}}},"branchMap":{"0":{"loc":{"start":{"line":11,"column":24},"end":{"line":11,"column":79}},"type":"binary-expr","locations":[{"start":{"line":11,"column":24},"end":{"line":11,"column":51}},{"start":{"line":11,"column":55},"end":{"line":11,"column":79}}]},"1":{"loc":{"start":{"line":17,"column":8},"end":{"line":17,"column":35}},"type":"default-arg","locations":[{"start":{"line":17,"column":33},"end":{"line":17,"column":35}}]},"2":{"loc":{"start":{"line":20,"column":12},"end":{"line":20,"column":33}},"type":"default-arg","locations":[{"start":{"line":20,"column":20},"end":{"line":20,"column":33}}]},"3":{"loc":{"start":{"line":21,"column":12},"end":{"line":21,"column":29}},"type":"default-arg","locations":[{"start":{"line":21,"column":26},"end":{"line":21,"column":29}}]},"4":{"loc":{"start":{"line":22,"column":12},"end":{"line":22,"column":22}},"type":"default-arg","locations":[{"start":{"line":22,"column":19},"end":{"line":22,"column":22}}]},"5":{"loc":{"start":{"line":23,"column":12},"end":{"line":23,"column":28}},"type":"default-arg","locations":[{"start":{"line":23,"column":24},"end":{"line":23,"column":28}}]},"6":{"loc":{"start":{"line":49,"column":8},"end":{"line":49,"column":70}},"type":"default-arg","locations":[{"start":{"line":49,"column":61},"end":{"line":49,"column":70}}]},"7":{"loc":{"start":{"line":50,"column":8},"end":{"line":50,"column":37}},"type":"default-arg","locations":[{"start":{"line":50,"column":24},"end":{"line":50,"column":37}}]},"8":{"loc":{"start":{"line":77,"column":8},"end":{"line":77,"column":37}},"type":"default-arg","locations":[{"start":{"line":77,"column":24},"end":{"line":77,"column":37}}]},"9":{"loc":{"start":{"line":107,"column":19},"end":{"line":107,"column":73}},"type":"binary-expr","locations":[{"start":{"line":107,"column":19},"end":{"line":107,"column":67}},{"start":{"line":107,"column":71},"end":{"line":107,"column":73}}]}},"s":{"0":2,"1":2,"2":2,"3":9,"4":9,"5":9,"6":7,"7":7,"8":7,"9":7,"10":6,"11":6,"12":1,"13":1,"14":3,"15":3,"16":3,"17":1,"18":1,"19":2,"20":2,"21":1,"22":1,"23":1,"24":0,"25":0,"26":0,"27":0,"28":0,"29":0,"30":0,"31":0,"32":0,"33":0,"34":0,"35":0,"36":2,"37":2},"f":{"0":9,"1":7,"2":3,"3":1,"4":2,"5":0,"6":0,"7":0},"b":{"0":[9,9],"1":[2],"2":[2],"3":[2],"4":[6],"5":[6],"6":[0],"7":[3],"8":[1],"9":[0,0]}}
,"K:\\temp\\mcp-test\\src\\mcp\\mcp-client.service.ts": {"path":"K:\\temp\\mcp-test\\src\\mcp\\mcp-client.service.ts","statementMap":{"0":{"start":{"line":1,"column":0},"end":{"line":1,"column":52}},"1":{"start":{"line":2,"column":0},"end":{"line":2,"column":40}},"2":{"start":{"line":3,"column":0},"end":{"line":3,"column":59}},"3":{"start":{"line":8,"column":7},"end":{"line":234,"column":null}},"4":{"start":{"line":10,"column":38},"end":{"line":10,"column":42}},"5":{"start":{"line":11,"column":26},"end":{"line":11,"column":31}},"6":{"start":{"line":14,"column":8},"end":{"line":14,"column":29}},"7":{"start":{"line":16,"column":8},"end":{"line":16,"column":39}},"8":{"start":{"line":20,"column":8},"end":{"line":22,"column":9}},"9":{"start":{"line":21,"column":12},"end":{"line":21,"column":19}},"10":{"start":{"line":24,"column":8},"end":{"line":51,"column":9}},"11":{"start":{"line":25,"column":12},"end":{"line":25,"column":67}},"12":{"start":{"line":27,"column":12},"end":{"line":44,"column":15}},"13":{"start":{"line":46,"column":12},"end":{"line":46,"column":36}},"14":{"start":{"line":47,"column":12},"end":{"line":47,"column":76}},"15":{"start":{"line":49,"column":12},"end":{"line":49,"column":80}},"16":{"start":{"line":50,"column":12},"end":{"line":50,"column":24}},"17":{"start":{"line":57,"column":8},"end":{"line":59,"column":9}},"18":{"start":{"line":58,"column":12},"end":{"line":58,"column":36}},"19":{"start":{"line":61,"column":26},"end":{"line":61,"column":36}},"20":{"start":{"line":62,"column":32},"end":{"line":62,"column":36}},"21":{"start":{"line":64,"column":8},"end":{"line":160,"column":9}},"22":{"start":{"line":68,"column":12},"end":{"line":68,"column":49}},"23":{"start":{"line":71,"column":12},"end":{"line":73,"column":13}},"24":{"start":{"line":72,"column":16},"end":{"line":72,"column":57}},"25":{"start":{"line":76,"column":12},"end":{"line":78,"column":13}},"26":{"start":{"line":77,"column":16},"end":{"line":77,"column":59}},"27":{"start":{"line":81,"column":12},"end":{"line":113,"column":13}},"28":{"start":{"line":82,"column":16},"end":{"line":87,"column":19}},"29":{"start":{"line":90,"column":16},"end":{"line":90,"column":72}},"30":{"start":{"line":90,"column":45},"end":{"line":90,"column":70}},"31":{"start":{"line":93,"column":30},"end":{"line":93,"column":48}},"32":{"start":{"line":94,"column":16},"end":{"line":102,"column":17}},"33":{"start":{"line":98,"column":20},"end":{"line":100,"column":22}},"34":{"start":{"line":101,"column":20},"end":{"line":101,"column":77}},"35":{"start":{"line":101,"column":49},"end":{"line":101,"column":75}},"36":{"start":{"line":104,"column":16},"end":{"line":106,"column":18}},"37":{"start":{"line":108,"column":16},"end":{"line":111,"column":19}},"38":{"start":{"line":112,"column":16},"end":{"line":112,"column":72}},"39":{"start":{"line":112,"column":45},"end":{"line":112,"column":70}},"40":{"start":{"line":116,"column":12},"end":{"line":127,"column":13}},"41":{"start":{"line":117,"column":16},"end":{"line":121,"column":18}},"42":{"start":{"line":122,"column":16},"end":{"line":126,"column":18}},"43":{"start":{"line":130,"column":29},"end":{"line":137,"column":14}},"44":{"start":{"line":131,"column":16},"end":{"line":136,"column":18}},"45":{"start":{"line":139,"column":35},"end":{"line":139,"column":57}},"46":{"start":{"line":141,"column":12},"end":{"line":152,"column":14}},"47":{"start":{"line":154,"column":12},"end":{"line":154,"column":67}},"48":{"start":{"line":155,"column":12},"end":{"line":155,"column":75}},"49":{"start":{"line":157,"column":12},"end":{"line":159,"column":13}},"50":{"start":{"line":158,"column":16},"end":{"line":158,"column":35}},"51":{"start":{"line":168,"column":8},"end":{"line":170,"column":10}},"52":{"start":{"line":172,"column":8},"end":{"line":194,"column":9}},"53":{"start":{"line":172,"column":21},"end":{"line":172,"column":22}},"54":{"start":{"line":174,"column":12},"end":{"line":176,"column":15}},"55":{"start":{"line":175,"column":16},"end":{"line":175,"column":63}},"56":{"start":{"line":179,"column":12},"end":{"line":179,"column":75}},"57":{"start":{"line":179,"column":41},"end":{"line":179,"column":73}},"58":{"start":{"line":182,"column":34},"end":{"line":186,"column":14}},"59":{"start":{"line":184,"column":20},"end":{"line":184,"column":44}},"60":{"start":{"line":185,"column":16},"end":{"line":185,"column":68}},"61":{"start":{"line":188,"column":12},"end":{"line":191,"column":13}},"62":{"start":{"line":189,"column":16},"end":{"line":189,"column":63}},"63":{"start":{"line":190,"column":16},"end":{"line":190,"column":22}},"64":{"start":{"line":193,"column":12},"end":{"line":193,"column":73}},"65":{"start":{"line":198,"column":8},"end":{"line":211,"column":9}},"66":{"start":{"line":199,"column":12},"end":{"line":201,"column":13}},"67":{"start":{"line":200,"column":16},"end":{"line":200,"column":29}},"68":{"start":{"line":204,"column":25},"end":{"line":204,"column":53}},"69":{"start":{"line":205,"column":12},"end":{"line":205,"column":43}},"70":{"start":{"line":206,"column":12},"end":{"line":206,"column":31}},"71":{"start":{"line":207,"column":12},"end":{"line":207,"column":24}},"72":{"start":{"line":209,"column":12},"end":{"line":209,"column":71}},"73":{"start":{"line":210,"column":12},"end":{"line":210,"column":25}},"74":{"start":{"line":215,"column":8},"end":{"line":224,"column":9}},"75":{"start":{"line":216,"column":12},"end":{"line":223,"column":13}},"76":{"start":{"line":217,"column":16},"end":{"line":217,"column":43}},"77":{"start":{"line":218,"column":16},"end":{"line":218,"column":36}},"78":{"start":{"line":219,"column":16},"end":{"line":219,"column":41}},"79":{"start":{"line":220,"column":16},"end":{"line":220,"column":60}},"80":{"start":{"line":222,"column":16},"end":{"line":222,"column":76}},"81":{"start":{"line":228,"column":8},"end":{"line":232,"column":9}},"82":{"start":{"line":229,"column":12},"end":{"line":229,"column":31}},"83":{"start":{"line":231,"column":12},"end":{"line":231,"column":62}},"84":{"start":{"line":8,"column":13},"end":{"line":8,"column":29}},"85":{"start":{"line":8,"column":13},"end":{"line":234,"column":null}}},"fnMap":{"0":{"name":"(anonymous_3)","decl":{"start":{"line":13,"column":4},"end":{"line":13,"column":16}},"loc":{"start":{"line":13,"column":30},"end":{"line":17,"column":5}}},"1":{"name":"(anonymous_4)","decl":{"start":{"line":19,"column":11},"end":{"line":19,"column":16}},"loc":{"start":{"line":19,"column":27},"end":{"line":52,"column":5}}},"2":{"name":"(anonymous_5)","decl":{"start":{"line":54,"column":11},"end":{"line":54,"column":16}},"loc":{"start":{"line":55,"column":35},"end":{"line":161,"column":5}}},"3":{"name":"(anonymous_6)","decl":{"start":{"line":90,"column":34},"end":{"line":90,"column":41}},"loc":{"start":{"line":90,"column":45},"end":{"line":90,"column":70}}},"4":{"name":"(anonymous_7)","decl":{"start":{"line":101,"column":38},"end":{"line":101,"column":45}},"loc":{"start":{"line":101,"column":49},"end":{"line":101,"column":75}}},"5":{"name":"(anonymous_8)","decl":{"start":{"line":112,"column":34},"end":{"line":112,"column":41}},"loc":{"start":{"line":112,"column":45},"end":{"line":112,"column":70}}},"6":{"name":"(anonymous_9)","decl":{"start":{"line":130,"column":49},"end":{"line":130,"column":52}},"loc":{"start":{"line":130,"column":54},"end":{"line":137,"column":13}}},"7":{"name":"(anonymous_10)","decl":{"start":{"line":163,"column":12},"end":{"line":163,"column":17}},"loc":{"start":{"line":166,"column":27},"end":{"line":195,"column":5}}},"8":{"name":"(anonymous_11)","decl":{"start":{"line":174,"column":32},"end":{"line":174,"column":35}},"loc":{"start":{"line":174,"column":37},"end":{"line":176,"column":13}}},"9":{"name":"(anonymous_12)","decl":{"start":{"line":179,"column":30},"end":{"line":179,"column":37}},"loc":{"start":{"line":179,"column":41},"end":{"line":179,"column":73}}},"10":{"name":"(anonymous_13)","decl":{"start":{"line":182,"column":54},"end":{"line":182,"column":57}},"loc":{"start":{"line":182,"column":59},"end":{"line":186,"column":13}}},"11":{"name":"(anonymous_14)","decl":{"start":{"line":197,"column":11},"end":{"line":197,"column":16}},"loc":{"start":{"line":197,"column":26},"end":{"line":212,"column":5}}},"12":{"name":"(anonymous_15)","decl":{"start":{"line":214,"column":11},"end":{"line":214,"column":16}},"loc":{"start":{"line":214,"column":22},"end":{"line":225,"column":5}}},"13":{"name":"(anonymous_16)","decl":{"start":{"line":227,"column":11},"end":{"line":227,"column":16}},"loc":{"start":{"line":227,"column":24},"end":{"line":233,"column":5}}}},"branchMap":{"0":{"loc":{"start":{"line":20,"column":8},"end":{"line":22,"column":9}},"type":"if","locations":[{"start":{"line":20,"column":8},"end":{"line":22,"column":9}}]},"1":{"loc":{"start":{"line":57,"column":8},"end":{"line":59,"column":9}},"type":"if","locations":[{"start":{"line":57,"column":8},"end":{"line":59,"column":9}}]},"2":{"loc":{"start":{"line":57,"column":12},"end":{"line":57,"column":46}},"type":"binary-expr","locations":[{"start":{"line":57,"column":12},"end":{"line":57,"column":25}},{"start":{"line":57,"column":29},"end":{"line":57,"column":46}}]},"3":{"loc":{"start":{"line":71,"column":12},"end":{"line":73,"column":13}},"type":"if","locations":[{"start":{"line":71,"column":12},"end":{"line":73,"column":13}}]},"4":{"loc":{"start":{"line":76,"column":12},"end":{"line":78,"column":13}},"type":"if","locations":[{"start":{"line":76,"column":12},"end":{"line":78,"column":13}}]},"5":{"loc":{"start":{"line":83,"column":31},"end":{"line":85,"column":44}},"type":"cond-expr","locations":[{"start":{"line":84,"column":26},"end":{"line":84,"column":40}},{"start":{"line":85,"column":26},"end":{"line":85,"column":44}}]},"6":{"loc":{"start":{"line":94,"column":16},"end":{"line":102,"column":17}},"type":"if","locations":[{"start":{"line":94,"column":16},"end":{"line":102,"column":17}}]},"7":{"loc":{"start":{"line":95,"column":20},"end":{"line":96,"column":59}},"type":"binary-expr","locations":[{"start":{"line":95,"column":20},"end":{"line":95,"column":51}},{"start":{"line":96,"column":20},"end":{"line":96,"column":59}}]},"8":{"loc":{"start":{"line":116,"column":12},"end":{"line":127,"column":13}},"type":"if","locations":[{"start":{"line":116,"column":12},"end":{"line":127,"column":13}}]},"9":{"loc":{"start":{"line":116,"column":16},"end":{"line":116,"column":60}},"type":"binary-expr","locations":[{"start":{"line":116,"column":16},"end":{"line":116,"column":34}},{"start":{"line":116,"column":38},"end":{"line":116,"column":60}}]},"10":{"loc":{"start":{"line":119,"column":24},"end":{"line":119,"column":null}},"type":"binary-expr","locations":[{"start":{"line":119,"column":24},"end":{"line":119,"column":43}},{"start":{"line":119,"column":47},"end":{"line":119,"column":null}}]},"11":{"loc":{"start":{"line":125,"column":20},"end":{"line":125,"column":47}},"type":"binary-expr","locations":[{"start":{"line":125,"column":20},"end":{"line":125,"column":39}},{"start":{"line":125,"column":43},"end":{"line":125,"column":47}}]},"12":{"loc":{"start":{"line":142,"column":21},"end":{"line":142,"column":48}},"type":"binary-expr","locations":[{"start":{"line":142,"column":21},"end":{"line":142,"column":33}},{"start":{"line":142,"column":37},"end":{"line":142,"column":48}}]},"13":{"loc":{"start":{"line":143,"column":23},"end":{"line":143,"column":51}},"type":"binary-expr","locations":[{"start":{"line":143,"column":23},"end":{"line":143,"column":37}},{"start":{"line":143,"column":41},"end":{"line":143,"column":51}}]},"14":{"loc":{"start":{"line":144,"column":25},"end":{"line":144,"column":47}},"type":"binary-expr","locations":[{"start":{"line":144,"column":25},"end":{"line":144,"column":41}},{"start":{"line":144,"column":45},"end":{"line":144,"column":47}}]},"15":{"loc":{"start":{"line":145,"column":22},"end":{"line":145,"column":41}},"type":"binary-expr","locations":[{"start":{"line":145,"column":22},"end":{"line":145,"column":35}},{"start":{"line":145,"column":39},"end":{"line":145,"column":41}}]},"16":{"loc":{"start":{"line":149,"column":35},"end":{"line":149,"column":64}},"type":"binary-expr","locations":[{"start":{"line":149,"column":35},"end":{"line":149,"column":59}},{"start":{"line":149,"column":63},"end":{"line":149,"column":64}}]},"17":{"loc":{"start":{"line":157,"column":12},"end":{"line":159,"column":13}},"type":"if","locations":[{"start":{"line":157,"column":12},"end":{"line":159,"column":13}}]},"18":{"loc":{"start":{"line":188,"column":12},"end":{"line":191,"column":13}},"type":"if","locations":[{"start":{"line":188,"column":12},"end":{"line":191,"column":13}}]},"19":{"loc":{"start":{"line":199,"column":12},"end":{"line":201,"column":13}},"type":"if","locations":[{"start":{"line":199,"column":12},"end":{"line":201,"column":13}}]},"20":{"loc":{"start":{"line":199,"column":16},"end":{"line":199,"column":50}},"type":"binary-expr","locations":[{"start":{"line":199,"column":16},"end":{"line":199,"column":29}},{"start":{"line":199,"column":33},"end":{"line":199,"column":50}}]},"21":{"loc":{"start":{"line":215,"column":8},"end":{"line":224,"column":9}},"type":"if","locations":[{"start":{"line":215,"column":8},"end":{"line":224,"column":9}}]},"22":{"loc":{"start":{"line":13,"column":24},"end":{"line":13,"column":null}},"type":"cond-expr","locations":[{"start":{"line":13,"column":30},"end":{"line":13,"column":null}},{"start":{"line":13,"column":30},"end":{"line":13,"column":null}}]},"23":{"loc":{"start":{"line":13,"column":24},"end":{"line":13,"column":30}},"type":"binary-expr","locations":[{"start":{"line":13,"column":24},"end":{"line":13,"column":null}},{"start":{"line":13,"column":24},"end":{"line":13,"column":30}}]}},"s":{"0":2,"1":2,"2":2,"3":2,"4":9,"5":9,"6":9,"7":9,"8":5,"9":0,"10":5,"11":5,"12":5,"13":4,"14":4,"15":1,"16":1,"17":5,"18":5,"19":4,"20":4,"21":4,"22":4,"23":4,"24":0,"25":4,"26":0,"27":4,"28":4,"29":3,"30":3,"31":3,"32":3,"33":1,"34":1,"35":1,"36":1,"37":1,"38":1,"39":1,"40":4,"41":2,"42":2,"43":4,"44":0,"45":4,"46":4,"47":0,"48":0,"49":4,"50":4,"51":2,"52":2,"53":2,"54":6,"55":0,"56":6,"57":6,"58":6,"59":0,"60":0,"61":6,"62":1,"63":1,"64":5,"65":2,"66":2,"67":1,"68":1,"69":1,"70":1,"71":1,"72":0,"73":0,"74":2,"75":2,"76":2,"77":1,"78":1,"79":1,"80":1,"81":2,"82":2,"83":0,"84":2,"85":2},"f":{"0":9,"1":5,"2":5,"3":3,"4":1,"5":1,"6":0,"7":2,"8":0,"9":6,"10":0,"11":2,"12":2,"13":2},"b":{"0":[0],"1":[5],"2":[5,0],"3":[0],"4":[0],"5":[3,1],"6":[1],"7":[3,2],"8":[2],"9":[4,2],"10":[2,0],"11":[2,0],"12":[4,0],"13":[4,0],"14":[4,1],"15":[4,1],"16":[4,1],"17":[4],"18":[1],"19":[1],"20":[2,1],"21":[2],"22":[2,0],"23":[2,2]}}
,"K:\\temp\\mcp-test\\src\\mcp\\mcp.types.ts": {"path":"K:\\temp\\mcp-test\\src\\mcp\\mcp.types.ts","statementMap":{"0":{"start":{"line":2,"column":0},"end":{"line":2,"column":16}},"1":{"start":{"line":7,"column":4},"end":{"line":17,"column":6}},"2":{"start":{"line":13,"column":8},"end":{"line":15,"column":9}},"3":{"start":{"line":14,"column":12},"end":{"line":14,"column":52}},"4":{"start":{"line":16,"column":8},"end":{"line":16,"column":26}}},"fnMap":{"0":{"name":"Tool","decl":{"start":{"line":2,"column":16},"end":{"line":2,"column":20}},"loc":{"start":{"line":6,"column":1},"end":{"line":18,"column":1}}},"1":{"name":"(anonymous_1)","decl":{"start":{"line":7,"column":11},"end":{"line":7,"column":null}},"loc":{"start":{"line":10,"column":38},"end":{"line":17,"column":5}}}},"branchMap":{"0":{"loc":{"start":{"line":13,"column":8},"end":{"line":15,"column":9}},"type":"if","locations":[{"start":{"line":13,"column":8},"end":{"line":15,"column":9}}]}},"s":{"0":0,"1":0,"2":0,"3":0,"4":0},"f":{"0":0,"1":0},"b":{"0":[0]}}
,"K:\\temp\\mcp-test\\src\\mcp\\scraper.tool.ts": {"path":"K:\\temp\\mcp-test\\src\\mcp\\scraper.tool.ts","statementMap":{"0":{"start":{"line":1,"column":0},"end":{"line":1,"column":52}},"1":{"start":{"line":2,"column":0},"end":{"line":2,"column":35}},"2":{"start":{"line":3,"column":0},"end":{"line":3,"column":24}},"3":{"start":{"line":4,"column":0},"end":{"line":4,"column":60}},"4":{"start":{"line":7,"column":30},"end":{"line":16,"column":2}},"5":{"start":{"line":18,"column":35},"end":{"line":27,"column":2}},"6":{"start":{"line":29,"column":29},"end":{"line":37,"column":2}},"7":{"start":{"line":40,"column":24},"end":{"line":237,"column":null}},"8":{"start":{"line":41,"column":30},"end":{"line":41,"column":58}},"9":{"start":{"line":43,"column":33},"end":{"line":43,"column":49}},"10":{"start":{"line":52,"column":8},"end":{"line":83,"column":9}},"11":{"start":{"line":53,"column":12},"end":{"line":55,"column":14}},"12":{"start":{"line":57,"column":48},"end":{"line":63,"column":14}},"13":{"start":{"line":65,"column":27},"end":{"line":67,"column":null}},"14":{"start":{"line":70,"column":12},"end":{"line":70,"column":63}},"15":{"start":{"line":71,"column":12},"end":{"line":75,"column":14}},"16":{"start":{"line":77,"column":12},"end":{"line":77,"column":57}},"17":{"start":{"line":78,"column":12},"end":{"line":82,"column":14}},"18":{"start":{"line":93,"column":8},"end":{"line":149,"column":9}},"19":{"start":{"line":94,"column":12},"end":{"line":96,"column":14}},"20":{"start":{"line":98,"column":48},"end":{"line":104,"column":14}},"21":{"start":{"line":106,"column":28},"end":{"line":106,"column":30}},"22":{"start":{"line":107,"column":12},"end":{"line":134,"column":13}},"23":{"start":{"line":107,"column":25},"end":{"line":107,"column":26}},"24":{"start":{"line":108,"column":28},"end":{"line":108,"column":42}},"25":{"start":{"line":109,"column":16},"end":{"line":111,"column":18}},"26":{"start":{"line":113,"column":16},"end":{"line":133,"column":17}},"27":{"start":{"line":114,"column":35},"end":{"line":116,"column":null}},"28":{"start":{"line":118,"column":20},"end":{"line":122,"column":23}},"29":{"start":{"line":124,"column":20},"end":{"line":124,"column":73}},"30":{"start":{"line":125,"column":20},"end":{"line":132,"column":23}},"31":{"start":{"line":136,"column":12},"end":{"line":136,"column":56}},"32":{"start":{"line":137,"column":12},"end":{"line":141,"column":14}},"33":{"start":{"line":143,"column":12},"end":{"line":143,"column":63}},"34":{"start":{"line":144,"column":12},"end":{"line":148,"column":14}},"35":{"start":{"line":159,"column":8},"end":{"line":200,"column":9}},"36":{"start":{"line":160,"column":12},"end":{"line":160,"column":78}},"37":{"start":{"line":162,"column":48},"end":{"line":167,"column":14}},"38":{"start":{"line":169,"column":27},"end":{"line":171,"column":null}},"39":{"start":{"line":176,"column":16},"end":{"line":179,"column":null}},"40":{"start":{"line":182,"column":12},"end":{"line":182,"column":68}},"41":{"start":{"line":183,"column":12},"end":{"line":192,"column":14}},"42":{"start":{"line":194,"column":12},"end":{"line":194,"column":75}},"43":{"start":{"line":195,"column":12},"end":{"line":199,"column":14}},"44":{"start":{"line":209,"column":8},"end":{"line":233,"column":9}},"45":{"start":{"line":210,"column":12},"end":{"line":210,"column":58}},"46":{"start":{"line":212,"column":33},"end":{"line":212,"column":76}},"47":{"start":{"line":214,"column":12},"end":{"line":225,"column":14}},"48":{"start":{"line":227,"column":12},"end":{"line":227,"column":61}},"49":{"start":{"line":228,"column":12},"end":{"line":232,"column":14}},"50":{"start":{"line":40,"column":13},"end":{"line":40,"column":24}},"51":{"start":{"line":51,"column":17},"end":{"line":84,"column":null}},"52":{"start":{"line":92,"column":17},"end":{"line":150,"column":null}},"53":{"start":{"line":158,"column":17},"end":{"line":201,"column":null}},"54":{"start":{"line":208,"column":17},"end":{"line":234,"column":null}},"55":{"start":{"line":40,"column":13},"end":{"line":237,"column":null}}},"fnMap":{"0":{"name":"(anonymous_2)","decl":{"start":{"line":43,"column":4},"end":{"line":43,"column":33}},"loc":{"start":{"line":43,"column":63},"end":{"line":43,"column":67}}},"1":{"name":"(anonymous_3)","decl":{"start":{"line":51,"column":11},"end":{"line":51,"column":16}},"loc":{"start":{"line":51,"column":49},"end":{"line":84,"column":5}}},"2":{"name":"(anonymous_4)","decl":{"start":{"line":92,"column":11},"end":{"line":92,"column":16}},"loc":{"start":{"line":92,"column":44},"end":{"line":150,"column":5}}},"3":{"name":"(anonymous_5)","decl":{"start":{"line":158,"column":11},"end":{"line":158,"column":16}},"loc":{"start":{"line":158,"column":50},"end":{"line":201,"column":5}}},"4":{"name":"(anonymous_6)","decl":{"start":{"line":208,"column":11},"end":{"line":208,"column":16}},"loc":{"start":{"line":208,"column":28},"end":{"line":234,"column":5}}}},"branchMap":{"0":{"loc":{"start":{"line":80,"column":23},"end":{"line":80,"column":79}},"type":"cond-expr","locations":[{"start":{"line":80,"column":48},"end":{"line":80,"column":61}},{"start":{"line":80,"column":64},"end":{"line":80,"column":79}}]},"1":{"loc":{"start":{"line":129,"column":28},"end":{"line":131,"column":49}},"type":"cond-expr","locations":[{"start":{"line":130,"column":34},"end":{"line":130,"column":47}},{"start":{"line":131,"column":34},"end":{"line":131,"column":49}}]},"2":{"loc":{"start":{"line":146,"column":23},"end":{"line":146,"column":79}},"type":"cond-expr","locations":[{"start":{"line":146,"column":48},"end":{"line":146,"column":61}},{"start":{"line":146,"column":64},"end":{"line":146,"column":79}}]},"3":{"loc":{"start":{"line":197,"column":23},"end":{"line":197,"column":79}},"type":"cond-expr","locations":[{"start":{"line":197,"column":48},"end":{"line":197,"column":61}},{"start":{"line":197,"column":64},"end":{"line":197,"column":79}}]},"4":{"loc":{"start":{"line":217,"column":28},"end":{"line":217,"column":74}},"type":"cond-expr","locations":[{"start":{"line":217,"column":51},"end":{"line":217,"column":60}},{"start":{"line":217,"column":63},"end":{"line":217,"column":74}}]},"5":{"loc":{"start":{"line":219,"column":29},"end":{"line":219,"column":71}},"type":"cond-expr","locations":[{"start":{"line":219,"column":48},"end":{"line":219,"column":57}},{"start":{"line":219,"column":60},"end":{"line":219,"column":71}}]},"6":{"loc":{"start":{"line":220,"column":32},"end":{"line":220,"column":77}},"type":"cond-expr","locations":[{"start":{"line":220,"column":54},"end":{"line":220,"column":63}},{"start":{"line":220,"column":66},"end":{"line":220,"column":77}}]},"7":{"loc":{"start":{"line":230,"column":23},"end":{"line":230,"column":79}},"type":"cond-expr","locations":[{"start":{"line":230,"column":48},"end":{"line":230,"column":61}},{"start":{"line":230,"column":64},"end":{"line":230,"column":79}}]},"8":{"loc":{"start":{"line":51,"column":52},"end":{"line":51,"column":null}},"type":"cond-expr","locations":[{"start":{"line":51,"column":59},"end":{"line":51,"column":null}},{"start":{"line":51,"column":59},"end":{"line":51,"column":null}}]},"9":{"loc":{"start":{"line":51,"column":52},"end":{"line":51,"column":59}},"type":"binary-expr","locations":[{"start":{"line":51,"column":52},"end":{"line":51,"column":null}},{"start":{"line":51,"column":52},"end":{"line":51,"column":59}}]},"10":{"loc":{"start":{"line":92,"column":47},"end":{"line":92,"column":null}},"type":"cond-expr","locations":[{"start":{"line":92,"column":54},"end":{"line":92,"column":null}},{"start":{"line":92,"column":54},"end":{"line":92,"column":null}}]},"11":{"loc":{"start":{"line":92,"column":47},"end":{"line":92,"column":54}},"type":"binary-expr","locations":[{"start":{"line":92,"column":47},"end":{"line":92,"column":null}},{"start":{"line":92,"column":47},"end":{"line":92,"column":54}}]},"12":{"loc":{"start":{"line":158,"column":53},"end":{"line":158,"column":null}},"type":"cond-expr","locations":[{"start":{"line":158,"column":60},"end":{"line":158,"column":null}},{"start":{"line":158,"column":60},"end":{"line":158,"column":null}}]},"13":{"loc":{"start":{"line":158,"column":53},"end":{"line":158,"column":60}},"type":"binary-expr","locations":[{"start":{"line":158,"column":53},"end":{"line":158,"column":null}},{"start":{"line":158,"column":53},"end":{"line":158,"column":60}}]},"14":{"loc":{"start":{"line":208,"column":32},"end":{"line":208,"column":null}},"type":"cond-expr","locations":[{"start":{"line":208,"column":39},"end":{"line":208,"column":null}},{"start":{"line":208,"column":39},"end":{"line":208,"column":null}}]},"15":{"loc":{"start":{"line":208,"column":32},"end":{"line":208,"column":39}},"type":"binary-expr","locations":[{"start":{"line":208,"column":32},"end":{"line":208,"column":null}},{"start":{"line":208,"column":32},"end":{"line":208,"column":39}}]},"16":{"loc":{"start":{"line":43,"column":49},"end":{"line":43,"column":66}},"type":"cond-expr","locations":[{"start":{"line":43,"column":63},"end":{"line":43,"column":66}},{"start":{"line":43,"column":63},"end":{"line":43,"column":66}}]},"17":{"loc":{"start":{"line":43,"column":49},"end":{"line":43,"column":63}},"type":"binary-expr","locations":[{"start":{"line":43,"column":49},"end":{"line":43,"column":66}},{"start":{"line":43,"column":49},"end":{"line":43,"column":63}}]}},"s":{"0":0,"1":0,"2":0,"3":0,"4":0,"5":0,"6":0,"7":0,"8":0,"9":0,"10":0,"11":0,"12":0,"13":0,"14":0,"15":0,"16":0,"17":0,"18":0,"19":0,"20":0,"21":0,"22":0,"23":0,"24":0,"25":0,"26":0,"27":0,"28":0,"29":0,"30":0,"31":0,"32":0,"33":0,"34":0,"35":0,"36":0,"37":0,"38":0,"39":0,"40":0,"41":0,"42":0,"43":0,"44":0,"45":0,"46":0,"47":0,"48":0,"49":0,"50":0,"51":0,"52":0,"53":0,"54":0,"55":0},"f":{"0":0,"1":0,"2":0,"3":0,"4":0},"b":{"0":[0,0],"1":[0,0],"2":[0,0],"3":[0,0],"4":[0,0],"5":[0,0],"6":[0,0],"7":[0,0],"8":[0,0],"9":[0,0],"10":[0,0],"11":[0,0],"12":[0,0],"13":[0,0],"14":[0,0],"15":[0,0],"16":[0,0],"17":[0,0]}}
,"K:\\temp\\mcp-test\\src\\scraper\\csv-export.service.ts": {"path":"K:\\temp\\mcp-test\\src\\scraper\\csv-export.service.ts","statementMap":{"0":{"start":{"line":1,"column":0},"end":{"line":1,"column":52}},"1":{"start":{"line":2,"column":0},"end":{"line":2,"column":25}},"2":{"start":{"line":3,"column":0},"end":{"line":3,"column":29}},"3":{"start":{"line":6,"column":29},"end":{"line":312,"column":null}},"4":{"start":{"line":7,"column":30},"end":{"line":7,"column":63}},"5":{"start":{"line":14,"column":8},"end":{"line":72,"column":9}},"6":{"start":{"line":18,"column":27},"end":{"line":18,"column":29}},"7":{"start":{"line":19,"column":28},"end":{"line":19,"column":38}},"8":{"start":{"line":21,"column":12},"end":{"line":32,"column":13}},"9":{"start":{"line":26,"column":16},"end":{"line":26,"column":62}},"10":{"start":{"line":27,"column":16},"end":{"line":27,"column":52}},"11":{"start":{"line":30,"column":16},"end":{"line":30,"column":47}},"12":{"start":{"line":31,"column":16},"end":{"line":31,"column":67}},"13":{"start":{"line":35,"column":12},"end":{"line":37,"column":13}},"14":{"start":{"line":36,"column":16},"end":{"line":36,"column":61}},"15":{"start":{"line":39,"column":12},"end":{"line":41,"column":13}},"16":{"start":{"line":40,"column":16},"end":{"line":40,"column":72}},"17":{"start":{"line":44,"column":31},"end":{"line":44,"column":60}},"18":{"start":{"line":47,"column":30},"end":{"line":47,"column":76}},"19":{"start":{"line":49,"column":16},"end":{"line":51,"column":52}},"20":{"start":{"line":53,"column":29},"end":{"line":53,"column":64}},"21":{"start":{"line":56,"column":12},"end":{"line":56,"column":59}},"22":{"start":{"line":58,"column":12},"end":{"line":58,"column":73}},"23":{"start":{"line":59,"column":12},"end":{"line":59,"column":28}},"24":{"start":{"line":61,"column":12},"end":{"line":61,"column":62}},"25":{"start":{"line":63,"column":16},"end":{"line":63,"column":70}},"26":{"start":{"line":64,"column":12},"end":{"line":70,"column":13}},"27":{"start":{"line":69,"column":16},"end":{"line":69,"column":53}},"28":{"start":{"line":71,"column":12},"end":{"line":71,"column":66}},"29":{"start":{"line":76,"column":8},"end":{"line":78,"column":9}},"30":{"start":{"line":77,"column":12},"end":{"line":77,"column":22}},"31":{"start":{"line":81,"column":24},"end":{"line":81,"column":41}},"32":{"start":{"line":82,"column":8},"end":{"line":86,"column":11}},"33":{"start":{"line":83,"column":12},"end":{"line":85,"column":13}},"34":{"start":{"line":84,"column":16},"end":{"line":84,"column":67}},"35":{"start":{"line":84,"column":49},"end":{"line":84,"column":65}},"36":{"start":{"line":88,"column":24},"end":{"line":88,"column":43}},"37":{"start":{"line":91,"column":31},"end":{"line":108,"column":9}},"38":{"start":{"line":92,"column":12},"end":{"line":94,"column":13}},"39":{"start":{"line":93,"column":16},"end":{"line":93,"column":26}},"40":{"start":{"line":96,"column":32},"end":{"line":96,"column":45}},"41":{"start":{"line":99,"column":12},"end":{"line":105,"column":13}},"42":{"start":{"line":104,"column":16},"end":{"line":104,"column":62}},"43":{"start":{"line":107,"column":12},"end":{"line":107,"column":31}},"44":{"start":{"line":111,"column":24},"end":{"line":125,"column":10}},"45":{"start":{"line":114,"column":16},"end":{"line":123,"column":17}},"46":{"start":{"line":115,"column":20},"end":{"line":117,"column":35}},"47":{"start":{"line":116,"column":39},"end":{"line":116,"column":67}},"48":{"start":{"line":120,"column":20},"end":{"line":122,"column":22}},"49":{"start":{"line":127,"column":8},"end":{"line":127,"column":34}},"50":{"start":{"line":136,"column":8},"end":{"line":166,"column":9}},"51":{"start":{"line":138,"column":12},"end":{"line":145,"column":15}},"52":{"start":{"line":148,"column":35},"end":{"line":150,"column":null}},"53":{"start":{"line":154,"column":28},"end":{"line":154,"column":78}},"54":{"start":{"line":155,"column":31},"end":{"line":157,"column":33}},"55":{"start":{"line":158,"column":29},"end":{"line":158,"column":63}},"56":{"start":{"line":160,"column":12},"end":{"line":160,"column":73}},"57":{"start":{"line":162,"column":12},"end":{"line":162,"column":71}},"58":{"start":{"line":164,"column":16},"end":{"line":164,"column":70}},"59":{"start":{"line":165,"column":12},"end":{"line":165,"column":66}},"60":{"start":{"line":170,"column":28},"end":{"line":170,"column":30}},"61":{"start":{"line":174,"column":12},"end":{"line":174,"column":64}},"62":{"start":{"line":176,"column":8},"end":{"line":265,"column":9}},"63":{"start":{"line":182,"column":12},"end":{"line":224,"column":14}},"64":{"start":{"line":184,"column":36},"end":{"line":184,"column":57}},"65":{"start":{"line":187,"column":42},"end":{"line":195,"column":22}},"66":{"start":{"line":197,"column":35},"end":{"line":197,"column":40}},"67":{"start":{"line":198,"column":41},"end":{"line":198,"column":43}},"68":{"start":{"line":200,"column":20},"end":{"line":207,"column":21}},"69":{"start":{"line":201,"column":40},"end":{"line":201,"column":62}},"70":{"start":{"line":202,"column":24},"end":{"line":206,"column":25}},"71":{"start":{"line":203,"column":28},"end":{"line":203,"column":44}},"72":{"start":{"line":204,"column":28},"end":{"line":204,"column":56}},"73":{"start":{"line":205,"column":28},"end":{"line":205,"column":34}},"74":{"start":{"line":210,"column":20},"end":{"line":222,"column":21}},"75":{"start":{"line":211,"column":24},"end":{"line":221,"column":27}},"76":{"start":{"line":227,"column":29},"end":{"line":227,"column":59}},"77":{"start":{"line":228,"column":12},"end":{"line":264,"column":13}},"78":{"start":{"line":229,"column":30},"end":{"line":232,"column":57}},"79":{"start":{"line":231,"column":40},"end":{"line":231,"column":48}},"80":{"start":{"line":232,"column":43},"end":{"line":232,"column":56}},"81":{"start":{"line":234,"column":29},"end":{"line":234,"column":46}},"82":{"start":{"line":235,"column":16},"end":{"line":235,"column":76}},"83":{"start":{"line":235,"column":34},"end":{"line":235,"column":74}},"84":{"start":{"line":237,"column":16},"end":{"line":263,"column":19}},"85":{"start":{"line":238,"column":39},"end":{"line":239,"column":null}},"86":{"start":{"line":241,"column":20},"end":{"line":262,"column":21}},"87":{"start":{"line":245,"column":44},"end":{"line":245,"column":73}},"88":{"start":{"line":246,"column":38},"end":{"line":246,"column":51}},"89":{"start":{"line":247,"column":36},"end":{"line":247,"column":61}},"90":{"start":{"line":248,"column":24},"end":{"line":261,"column":25}},"91":{"start":{"line":249,"column":28},"end":{"line":249,"column":42}},"92":{"start":{"line":250,"column":28},"end":{"line":260,"column":31}},"93":{"start":{"line":269,"column":8},"end":{"line":269,"column":20}},"94":{"start":{"line":273,"column":34},"end":{"line":280,"column":10}},"95":{"start":{"line":282,"column":8},"end":{"line":282,"column":72}},"96":{"start":{"line":282,"column":49},"end":{"line":282,"column":70}},"97":{"start":{"line":287,"column":22},"end":{"line":290,"column":44}},"98":{"start":{"line":289,"column":25},"end":{"line":289,"column":36}},"99":{"start":{"line":290,"column":28},"end":{"line":290,"column":43}},"100":{"start":{"line":293,"column":8},"end":{"line":307,"column":9}},"101":{"start":{"line":295,"column":12},"end":{"line":300,"column":13}},"102":{"start":{"line":299,"column":16},"end":{"line":299,"column":25}},"103":{"start":{"line":303,"column":12},"end":{"line":306,"column":13}},"104":{"start":{"line":305,"column":16},"end":{"line":305,"column":28}},"105":{"start":{"line":310,"column":8},"end":{"line":310,"column":47}},"106":{"start":{"line":6,"column":13},"end":{"line":6,"column":29}},"107":{"start":{"line":6,"column":13},"end":{"line":312,"column":null}}},"fnMap":{"0":{"name":"(anonymous_10)","decl":{"start":{"line":9,"column":11},"end":{"line":9,"column":22}},"loc":{"start":{"line":12,"column":41},"end":{"line":73,"column":5}}},"1":{"name":"(anonymous_11)","decl":{"start":{"line":75,"column":12},"end":{"line":75,"column":30}},"loc":{"start":{"line":75,"column":42},"end":{"line":128,"column":5}}},"2":{"name":"(anonymous_12)","decl":{"start":{"line":82,"column":21},"end":{"line":82,"column":25}},"loc":{"start":{"line":82,"column":28},"end":{"line":86,"column":9}}},"3":{"name":"(anonymous_13)","decl":{"start":{"line":84,"column":42},"end":{"line":84,"column":45}},"loc":{"start":{"line":84,"column":49},"end":{"line":84,"column":65}}},"4":{"name":"(anonymous_14)","decl":{"start":{"line":91,"column":31},"end":{"line":91,"column":32}},"loc":{"start":{"line":91,"column":54},"end":{"line":108,"column":9}}},"5":{"name":"(anonymous_15)","decl":{"start":{"line":113,"column":24},"end":{"line":113,"column":28}},"loc":{"start":{"line":113,"column":31},"end":{"line":124,"column":13}}},"6":{"name":"(anonymous_16)","decl":{"start":{"line":116,"column":29},"end":{"line":116,"column":35}},"loc":{"start":{"line":116,"column":39},"end":{"line":116,"column":67}}},"7":{"name":"(anonymous_17)","decl":{"start":{"line":130,"column":11},"end":{"line":130,"column":28}},"loc":{"start":{"line":134,"column":38},"end":{"line":167,"column":5}}},"8":{"name":"(anonymous_18)","decl":{"start":{"line":169,"column":12},"end":{"line":169,"column":33}},"loc":{"start":{"line":169,"column":66},"end":{"line":270,"column":5}}},"9":{"name":"(anonymous_19)","decl":{"start":{"line":183,"column":16},"end":{"line":183,"column":17}},"loc":{"start":{"line":183,"column":48},"end":{"line":223,"column":17}}},"10":{"name":"(anonymous_20)","decl":{"start":{"line":231,"column":25},"end":{"line":231,"column":26}},"loc":{"start":{"line":231,"column":40},"end":{"line":231,"column":48}}},"11":{"name":"(anonymous_21)","decl":{"start":{"line":232,"column":28},"end":{"line":232,"column":29}},"loc":{"start":{"line":232,"column":43},"end":{"line":232,"column":56}}},"12":{"name":"(anonymous_22)","decl":{"start":{"line":235,"column":29},"end":{"line":235,"column":30}},"loc":{"start":{"line":235,"column":34},"end":{"line":235,"column":74}}},"13":{"name":"(anonymous_23)","decl":{"start":{"line":237,"column":30},"end":{"line":237,"column":31}},"loc":{"start":{"line":237,"column":60},"end":{"line":263,"column":17}}},"14":{"name":"(anonymous_24)","decl":{"start":{"line":272,"column":12},"end":{"line":272,"column":28}},"loc":{"start":{"line":272,"column":44},"end":{"line":283,"column":5}}},"15":{"name":"(anonymous_25)","decl":{"start":{"line":282,"column":38},"end":{"line":282,"column":45}},"loc":{"start":{"line":282,"column":49},"end":{"line":282,"column":70}}},"16":{"name":"(anonymous_26)","decl":{"start":{"line":285,"column":12},"end":{"line":285,"column":30}},"loc":{"start":{"line":285,"column":46},"end":{"line":311,"column":5}}},"17":{"name":"(anonymous_27)","decl":{"start":{"line":289,"column":17},"end":{"line":289,"column":21}},"loc":{"start":{"line":289,"column":25},"end":{"line":289,"column":36}}},"18":{"name":"(anonymous_28)","decl":{"start":{"line":290,"column":20},"end":{"line":290,"column":24}},"loc":{"start":{"line":290,"column":28},"end":{"line":290,"column":43}}}},"branchMap":{"0":{"loc":{"start":{"line":21,"column":12},"end":{"line":32,"column":13}},"type":"if","locations":[{"start":{"line":21,"column":12},"end":{"line":32,"column":13}},{"start":{"line":28,"column":19},"end":{"line":32,"column":13}}]},"1":{"loc":{"start":{"line":22,"column":16},"end":{"line":23,"column":56}},"type":"binary-expr","locations":[{"start":{"line":22,"column":16},"end":{"line":22,"column":60}},{"start":{"line":23,"column":16},"end":{"line":23,"column":56}}]},"2":{"loc":{"start":{"line":26,"column":28},"end":{"line":26,"column":61}},"type":"binary-expr","locations":[{"start":{"line":26,"column":28},"end":{"line":26,"column":47}},{"start":{"line":26,"column":51},"end":{"line":26,"column":61}}]},"3":{"loc":{"start":{"line":31,"column":28},"end":{"line":31,"column":66}},"type":"binary-expr","locations":[{"start":{"line":31,"column":28},"end":{"line":31,"column":52}},{"start":{"line":31,"column":56},"end":{"line":31,"column":66}}]},"4":{"loc":{"start":{"line":35,"column":12},"end":{"line":37,"column":13}},"type":"if","locations":[{"start":{"line":35,"column":12},"end":{"line":37,"column":13}}]},"5":{"loc":{"start":{"line":39,"column":12},"end":{"line":41,"column":13}},"type":"if","locations":[{"start":{"line":39,"column":12},"end":{"line":41,"column":13}}]},"6":{"loc":{"start":{"line":49,"column":16},"end":{"line":51,"column":52}},"type":"cond-expr","locations":[{"start":{"line":50,"column":22},"end":{"line":50,"column":30}},{"start":{"line":51,"column":22},"end":{"line":51,"column":52}}]},"7":{"loc":{"start":{"line":49,"column":16},"end":{"line":49,"column":53}},"type":"binary-expr","locations":[{"start":{"line":49,"column":16},"end":{"line":49,"column":24}},{"start":{"line":49,"column":28},"end":{"line":49,"column":53}}]},"8":{"loc":{"start":{"line":63,"column":16},"end":{"line":63,"column":70}},"type":"cond-expr","locations":[{"start":{"line":63,"column":41},"end":{"line":63,"column":54}},{"start":{"line":63,"column":57},"end":{"line":63,"column":70}}]},"9":{"loc":{"start":{"line":64,"column":12},"end":{"line":70,"column":13}},"type":"if","locations":[{"start":{"line":64,"column":12},"end":{"line":70,"column":13}}]},"10":{"loc":{"start":{"line":65,"column":16},"end":{"line":66,"column":71}},"type":"binary-expr","locations":[{"start":{"line":65,"column":16},"end":{"line":65,"column":52}},{"start":{"line":66,"column":16},"end":{"line":66,"column":71}}]},"11":{"loc":{"start":{"line":76,"column":8},"end":{"line":78,"column":9}},"type":"if","locations":[{"start":{"line":76,"column":8},"end":{"line":78,"column":9}}]},"12":{"loc":{"start":{"line":83,"column":12},"end":{"line":85,"column":13}},"type":"if","locations":[{"start":{"line":83,"column":12},"end":{"line":85,"column":13}}]},"13":{"loc":{"start":{"line":83,"column":16},"end":{"line":83,"column":57}},"type":"binary-expr","locations":[{"start":{"line":83,"column":16},"end":{"line":83,"column":40}},{"start":{"line":83,"column":44},"end":{"line":83,"column":57}}]},"14":{"loc":{"start":{"line":92,"column":12},"end":{"line":94,"column":13}},"type":"if","locations":[{"start":{"line":92,"column":12},"end":{"line":94,"column":13}}]},"15":{"loc":{"start":{"line":92,"column":16},"end":{"line":92,"column":53}},"type":"binary-expr","locations":[{"start":{"line":92,"column":16},"end":{"line":92,"column":30}},{"start":{"line":92,"column":34},"end":{"line":92,"column":53}}]},"16":{"loc":{"start":{"line":99,"column":12},"end":{"line":105,"column":13}},"type":"if","locations":[{"start":{"line":99,"column":12},"end":{"line":105,"column":13}}]},"17":{"loc":{"start":{"line":100,"column":16},"end":{"line":102,"column":41}},"type":"binary-expr","locations":[{"start":{"line":100,"column":16},"end":{"line":100,"column":41}},{"start":{"line":101,"column":16},"end":{"line":101,"column":42}},{"start":{"line":102,"column":16},"end":{"line":102,"column":41}}]},"18":{"loc":{"start":{"line":114,"column":16},"end":{"line":123,"column":17}},"type":"if","locations":[{"start":{"line":114,"column":16},"end":{"line":123,"column":17}},{"start":{"line":118,"column":23},"end":{"line":123,"column":17}}]},"19":{"loc":{"start":{"line":114,"column":20},"end":{"line":114,"column":61}},"type":"binary-expr","locations":[{"start":{"line":114,"column":20},"end":{"line":114,"column":44}},{"start":{"line":114,"column":48},"end":{"line":114,"column":61}}]},"20":{"loc":{"start":{"line":134,"column":8},"end":{"line":134,"column":38}},"type":"default-arg","locations":[{"start":{"line":134,"column":28},"end":{"line":134,"column":38}}]},"21":{"loc":{"start":{"line":142,"column":29},"end":{"line":144,"column":24}},"type":"cond-expr","locations":[{"start":{"line":143,"column":22},"end":{"line":143,"column":54}},{"start":{"line":144,"column":22},"end":{"line":144,"column":24}}]},"22":{"loc":{"start":{"line":164,"column":16},"end":{"line":164,"column":70}},"type":"cond-expr","locations":[{"start":{"line":164,"column":41},"end":{"line":164,"column":54}},{"start":{"line":164,"column":57},"end":{"line":164,"column":70}}]},"23":{"loc":{"start":{"line":176,"column":8},"end":{"line":265,"column":9}},"type":"if","locations":[{"start":{"line":176,"column":8},"end":{"line":265,"column":9}}]},"24":{"loc":{"start":{"line":177,"column":12},"end":{"line":179,"column":40}},"type":"binary-expr","locations":[{"start":{"line":177,"column":12},"end":{"line":177,"column":33}},{"start":{"line":178,"column":12},"end":{"line":178,"column":31}},{"start":{"line":179,"column":12},"end":{"line":179,"column":40}}]},"25":{"loc":{"start":{"line":184,"column":36},"end":{"line":184,"column":57}},"type":"binary-expr","locations":[{"start":{"line":184,"column":36},"end":{"line":184,"column":51}},{"start":{"line":184,"column":55},"end":{"line":184,"column":57}}]},"26":{"loc":{"start":{"line":202,"column":24},"end":{"line":206,"column":25}},"type":"if","locations":[{"start":{"line":202,"column":24},"end":{"line":206,"column":25}}]},"27":{"loc":{"start":{"line":202,"column":28},"end":{"line":202,"column":57}},"type":"binary-expr","locations":[{"start":{"line":202,"column":28},"end":{"line":202,"column":35}},{"start":{"line":202,"column":39},"end":{"line":202,"column":57}}]},"28":{"loc":{"start":{"line":210,"column":20},"end":{"line":222,"column":21}},"type":"if","locations":[{"start":{"line":210,"column":20},"end":{"line":222,"column":21}}]},"29":{"loc":{"start":{"line":210,"column":24},"end":{"line":210,"column":66}},"type":"binary-expr","locations":[{"start":{"line":210,"column":24},"end":{"line":210,"column":32}},{"start":{"line":210,"column":36},"end":{"line":210,"column":66}}]},"30":{"loc":{"start":{"line":217,"column":33},"end":{"line":217,"column":65}},"type":"binary-expr","locations":[{"start":{"line":217,"column":33},"end":{"line":217,"column":48}},{"start":{"line":217,"column":52},"end":{"line":217,"column":65}}]},"31":{"loc":{"start":{"line":218,"column":35},"end":{"line":218,"column":66}},"type":"binary-expr","locations":[{"start":{"line":218,"column":35},"end":{"line":218,"column":52}},{"start":{"line":218,"column":56},"end":{"line":218,"column":66}}]},"32":{"loc":{"start":{"line":227,"column":29},"end":{"line":227,"column":59}},"type":"binary-expr","locations":[{"start":{"line":227,"column":29},"end":{"line":227,"column":53}},{"start":{"line":227,"column":57},"end":{"line":227,"column":59}}]},"33":{"loc":{"start":{"line":228,"column":12},"end":{"line":264,"column":13}},"type":"if","locations":[{"start":{"line":228,"column":12},"end":{"line":264,"column":13}}]},"34":{"loc":{"start":{"line":228,"column":16},"end":{"line":228,"column":47}},"type":"binary-expr","locations":[{"start":{"line":228,"column":16},"end":{"line":228,"column":24}},{"start":{"line":228,"column":28},"end":{"line":228,"column":47}}]},"35":{"loc":{"start":{"line":241,"column":20},"end":{"line":262,"column":21}},"type":"if","locations":[{"start":{"line":241,"column":20},"end":{"line":262,"column":21}}]},"36":{"loc":{"start":{"line":242,"column":24},"end":{"line":243,"column":73}},"type":"binary-expr","locations":[{"start":{"line":242,"column":24},"end":{"line":242,"column":34}},{"start":{"line":243,"column":25},"end":{"line":243,"column":52}},{"start":{"line":243,"column":56},"end":{"line":243,"column":72}}]},"37":{"loc":{"start":{"line":248,"column":24},"end":{"line":261,"column":25}},"type":"if","locations":[{"start":{"line":248,"column":24},"end":{"line":261,"column":25}}]},"38":{"loc":{"start":{"line":256,"column":37},"end":{"line":256,"column":69}},"type":"binary-expr","locations":[{"start":{"line":256,"column":37},"end":{"line":256,"column":52}},{"start":{"line":256,"column":56},"end":{"line":256,"column":69}}]},"39":{"loc":{"start":{"line":257,"column":39},"end":{"line":257,"column":70}},"type":"binary-expr","locations":[{"start":{"line":257,"column":39},"end":{"line":257,"column":56}},{"start":{"line":257,"column":60},"end":{"line":257,"column":70}}]},"40":{"loc":{"start":{"line":295,"column":12},"end":{"line":300,"column":13}},"type":"if","locations":[{"start":{"line":295,"column":12},"end":{"line":300,"column":13}}]},"41":{"loc":{"start":{"line":296,"column":16},"end":{"line":297,"column":71}},"type":"binary-expr","locations":[{"start":{"line":296,"column":16},"end":{"line":296,"column":31}},{"start":{"line":297,"column":16},"end":{"line":297,"column":71}}]},"42":{"loc":{"start":{"line":303,"column":12},"end":{"line":306,"column":13}},"type":"if","locations":[{"start":{"line":303,"column":12},"end":{"line":306,"column":13}}]}},"s":{"0":2,"1":2,"2":2,"3":2,"4":13,"5":9,"6":9,"7":9,"8":9,"9":0,"10":0,"11":9,"12":9,"13":9,"14":1,"15":9,"16":2,"17":7,"18":7,"19":7,"20":7,"21":7,"22":6,"23":6,"24":3,"25":3,"26":3,"27":2,"28":1,"29":9,"30":0,"31":9,"32":9,"33":14,"34":14,"35":57,"36":9,"37":9,"38":57,"39":0,"40":57,"41":57,"42":2,"43":55,"44":9,"45":14,"46":14,"47":57,"48":0,"49":9,"50":3,"51":3,"52":3,"53":3,"54":3,"55":3,"56":3,"57":1,"58":1,"59":1,"60":3,"61":3,"62":3,"63":2,"64":4,"65":4,"66":4,"67":4,"68":4,"69":4,"70":4,"71":4,"72":4,"73":4,"74":4,"75":4,"76":2,"77":2,"78":2,"79":18,"80":18,"81":2,"82":2,"83":4,"84":2,"85":7,"86":7,"87":0,"88":0,"89":0,"90":0,"91":0,"92":0,"93":3,"94":2,"95":2,"96":7,"97":5,"98":5,"99":5,"100":5,"101":5,"102":0,"103":5,"104":5,"105":0,"106":2,"107":2},"f":{"0":9,"1":9,"2":14,"3":57,"4":57,"5":14,"6":57,"7":3,"8":3,"9":4,"10":18,"11":18,"12":4,"13":7,"14":2,"15":7,"16":5,"17":5,"18":5},"b":{"0":[0,9],"1":[9,5],"2":[0,0],"3":[9,4],"4":[1],"5":[2],"6":[0,7],"7":[7,7],"8":[3,0],"9":[2],"10":[3,3],"11":[0],"12":[14],"13":[14,14],"14":[0],"15":[57,57],"16":[2],"17":[57,56,56],"18":[14,0],"19":[14,14],"20":[2],"21":[3,0],"22":[1,0],"23":[2],"24":[3,2,2],"25":[4,0],"26":[4],"27":[4,4],"28":[4],"29":[4,0],"30":[4,0],"31":[4,0],"32":[2,0],"33":[2],"34":[2,2],"35":[0],"36":[7,0,0],"37":[0],"38":[0,0],"39":[0,0],"40":[0],"41":[5,5],"42":[5]}}
,"K:\\temp\\mcp-test\\src\\scraper\\html-parser.service.ts": {"path":"K:\\temp\\mcp-test\\src\\scraper\\html-parser.service.ts","statementMap":{"0":{"start":{"line":1,"column":0},"end":{"line":1,"column":52}},"1":{"start":{"line":2,"column":0},"end":{"line":2,"column":35}},"2":{"start":{"line":6,"column":30},"end":{"line":322,"column":null}},"3":{"start":{"line":7,"column":30},"end":{"line":7,"column":64}},"4":{"start":{"line":10,"column":18},"end":{"line":10,"column":36}},"5":{"start":{"line":13,"column":8},"end":{"line":13,"column":39}},"6":{"start":{"line":15,"column":22},"end":{"line":15,"column":42}},"7":{"start":{"line":16,"column":21},"end":{"line":16,"column":40}},"8":{"start":{"line":17,"column":22},"end":{"line":17,"column":42}},"9":{"start":{"line":18,"column":23},"end":{"line":18,"column":44}},"10":{"start":{"line":19,"column":25},"end":{"line":19,"column":48}},"11":{"start":{"line":20,"column":25},"end":{"line":20,"column":48}},"12":{"start":{"line":21,"column":25},"end":{"line":21,"column":48}},"13":{"start":{"line":23,"column":8},"end":{"line":25,"column":10}},"14":{"start":{"line":27,"column":8},"end":{"line":35,"column":10}},"15":{"start":{"line":42,"column":18},"end":{"line":42,"column":36}},"16":{"start":{"line":43,"column":8},"end":{"line":43,"column":39}},"17":{"start":{"line":45,"column":34},"end":{"line":45,"column":36}},"18":{"start":{"line":48,"column":8},"end":{"line":86,"column":9}},"19":{"start":{"line":49,"column":12},"end":{"line":56,"column":15}},"20":{"start":{"line":50,"column":16},"end":{"line":55,"column":19}},"21":{"start":{"line":51,"column":33},"end":{"line":51,"column":57}},"22":{"start":{"line":52,"column":20},"end":{"line":54,"column":21}},"23":{"start":{"line":53,"column":24},"end":{"line":53,"column":43}},"24":{"start":{"line":59,"column":37},"end":{"line":68,"column":14}},"25":{"start":{"line":70,"column":12},"end":{"line":77,"column":15}},"26":{"start":{"line":71,"column":16},"end":{"line":76,"column":19}},"27":{"start":{"line":72,"column":33},"end":{"line":72,"column":57}},"28":{"start":{"line":73,"column":20},"end":{"line":75,"column":21}},"29":{"start":{"line":74,"column":24},"end":{"line":74,"column":43}},"30":{"start":{"line":80,"column":12},"end":{"line":85,"column":13}},"31":{"start":{"line":81,"column":33},"end":{"line":81,"column":56}},"32":{"start":{"line":82,"column":16},"end":{"line":84,"column":17}},"33":{"start":{"line":83,"column":20},"end":{"line":83,"column":43}},"34":{"start":{"line":88,"column":8},"end":{"line":88,"column":58}},"35":{"start":{"line":88,"column":40},"end":{"line":88,"column":56}},"36":{"start":{"line":93,"column":8},"end":{"line":95,"column":19}},"37":{"start":{"line":98,"column":8},"end":{"line":98,"column":75}},"38":{"start":{"line":101,"column":8},"end":{"line":101,"column":62}},"39":{"start":{"line":105,"column":8},"end":{"line":109,"column":10}},"40":{"start":{"line":114,"column":30},"end":{"line":115,"column":null}},"41":{"start":{"line":117,"column":24},"end":{"line":117,"column":26}},"42":{"start":{"line":118,"column":8},"end":{"line":123,"column":11}},"43":{"start":{"line":119,"column":33},"end":{"line":119,"column":57}},"44":{"start":{"line":120,"column":12},"end":{"line":122,"column":13}},"45":{"start":{"line":121,"column":16},"end":{"line":121,"column":48}},"46":{"start":{"line":126,"column":19},"end":{"line":126,"column":63}},"47":{"start":{"line":129,"column":8},"end":{"line":131,"column":9}},"48":{"start":{"line":130,"column":12},"end":{"line":130,"column":42}},"49":{"start":{"line":133,"column":8},"end":{"line":133,"column":20}},"50":{"start":{"line":137,"column":32},"end":{"line":137,"column":34}},"51":{"start":{"line":138,"column":8},"end":{"line":147,"column":11}},"52":{"start":{"line":139,"column":25},"end":{"line":139,"column":48}},"53":{"start":{"line":140,"column":12},"end":{"line":146,"column":13}},"54":{"start":{"line":145,"column":16},"end":{"line":145,"column":33}},"55":{"start":{"line":148,"column":8},"end":{"line":148,"column":35}},"56":{"start":{"line":152,"column":33},"end":{"line":152,"column":35}},"57":{"start":{"line":153,"column":8},"end":{"line":158,"column":11}},"58":{"start":{"line":154,"column":24},"end":{"line":154,"column":46}},"59":{"start":{"line":155,"column":12},"end":{"line":157,"column":13}},"60":{"start":{"line":156,"column":16},"end":{"line":156,"column":33}},"61":{"start":{"line":159,"column":8},"end":{"line":159,"column":36}},"62":{"start":{"line":163,"column":35},"end":{"line":163,"column":37}},"63":{"start":{"line":164,"column":8},"end":{"line":169,"column":11}},"64":{"start":{"line":165,"column":25},"end":{"line":165,"column":49}},"65":{"start":{"line":166,"column":12},"end":{"line":168,"column":13}},"66":{"start":{"line":167,"column":16},"end":{"line":167,"column":36}},"67":{"start":{"line":170,"column":8},"end":{"line":170,"column":24}},"68":{"start":{"line":174,"column":49},"end":{"line":174,"column":51}},"69":{"start":{"line":177,"column":8},"end":{"line":183,"column":11}},"70":{"start":{"line":178,"column":25},"end":{"line":178,"column":79}},"71":{"start":{"line":179,"column":28},"end":{"line":179,"column":54}},"72":{"start":{"line":180,"column":12},"end":{"line":182,"column":13}},"73":{"start":{"line":181,"column":16},"end":{"line":181,"column":41}},"74":{"start":{"line":185,"column":8},"end":{"line":185,"column":24}},"75":{"start":{"line":189,"column":43},"end":{"line":189,"column":45}},"76":{"start":{"line":192,"column":8},"end":{"line":206,"column":11}},"77":{"start":{"line":193,"column":28},"end":{"line":193,"column":38}},"78":{"start":{"line":194,"column":26},"end":{"line":195,"column":null}},"79":{"start":{"line":197,"column":25},"end":{"line":197,"column":46}},"80":{"start":{"line":199,"column":12},"end":{"line":205,"column":13}},"81":{"start":{"line":200,"column":16},"end":{"line":204,"column":19}},"82":{"start":{"line":209,"column":8},"end":{"line":217,"column":11}},"83":{"start":{"line":210,"column":25},"end":{"line":210,"column":49}},"84":{"start":{"line":211,"column":12},"end":{"line":216,"column":13}},"85":{"start":{"line":212,"column":16},"end":{"line":215,"column":19}},"86":{"start":{"line":220,"column":8},"end":{"line":240,"column":11}},"87":{"start":{"line":221,"column":25},"end":{"line":221,"column":35}},"88":{"start":{"line":222,"column":36},"end":{"line":222,"column":38}},"89":{"start":{"line":223,"column":12},"end":{"line":228,"column":15}},"90":{"start":{"line":224,"column":29},"end":{"line":224,"column":48}},"91":{"start":{"line":225,"column":16},"end":{"line":227,"column":17}},"92":{"start":{"line":226,"column":20},"end":{"line":226,"column":37}},"93":{"start":{"line":230,"column":12},"end":{"line":239,"column":13}},"94":{"start":{"line":231,"column":16},"end":{"line":238,"column":19}},"95":{"start":{"line":244,"column":8},"end":{"line":257,"column":15}},"96":{"start":{"line":246,"column":24},"end":{"line":246,"column":32}},"97":{"start":{"line":248,"column":16},"end":{"line":256,"column":19}},"98":{"start":{"line":249,"column":33},"end":{"line":249,"column":57}},"99":{"start":{"line":250,"column":20},"end":{"line":255,"column":21}},"100":{"start":{"line":251,"column":24},"end":{"line":254,"column":27}},"101":{"start":{"line":260,"column":8},"end":{"line":270,"column":11}},"102":{"start":{"line":263,"column":25},"end":{"line":263,"column":49}},"103":{"start":{"line":264,"column":12},"end":{"line":269,"column":13}},"104":{"start":{"line":265,"column":16},"end":{"line":268,"column":19}},"105":{"start":{"line":273,"column":8},"end":{"line":282,"column":11}},"106":{"start":{"line":274,"column":26},"end":{"line":274,"column":36}},"107":{"start":{"line":275,"column":25},"end":{"line":275,"column":44}},"108":{"start":{"line":276,"column":12},"end":{"line":281,"column":13}},"109":{"start":{"line":277,"column":16},"end":{"line":280,"column":19}},"110":{"start":{"line":284,"column":8},"end":{"line":284,"column":24}},"111":{"start":{"line":288,"column":8},"end":{"line":291,"column":20}},"112":{"start":{"line":298,"column":33},"end":{"line":298,"column":35}},"113":{"start":{"line":299,"column":26},"end":{"line":299,"column":49}},"114":{"start":{"line":301,"column":27},"end":{"line":301,"column":29}},"115":{"start":{"line":302,"column":8},"end":{"line":314,"column":9}},"116":{"start":{"line":303,"column":36},"end":{"line":303,"column":51}},"117":{"start":{"line":304,"column":12},"end":{"line":304,"column":43}},"118":{"start":{"line":304,"column":34},"end":{"line":304,"column":43}},"119":{"start":{"line":306,"column":12},"end":{"line":313,"column":13}},"120":{"start":{"line":307,"column":16},"end":{"line":309,"column":17}},"121":{"start":{"line":308,"column":20},"end":{"line":308,"column":53}},"122":{"start":{"line":310,"column":16},"end":{"line":310,"column":47}},"123":{"start":{"line":312,"column":16},"end":{"line":312,"column":77}},"124":{"start":{"line":316,"column":8},"end":{"line":318,"column":9}},"125":{"start":{"line":317,"column":12},"end":{"line":317,"column":45}},"126":{"start":{"line":320,"column":8},"end":{"line":320,"column":22}},"127":{"start":{"line":6,"column":13},"end":{"line":6,"column":30}},"128":{"start":{"line":6,"column":13},"end":{"line":322,"column":null}}},"fnMap":{"0":{"name":"(anonymous_10)","decl":{"start":{"line":9,"column":11},"end":{"line":9,"column":23}},"loc":{"start":{"line":9,"column":36},"end":{"line":36,"column":5}}},"1":{"name":"(anonymous_11)","decl":{"start":{"line":38,"column":11},"end":{"line":38,"column":33}},"loc":{"start":{"line":40,"column":32},"end":{"line":89,"column":5}}},"2":{"name":"(anonymous_12)","decl":{"start":{"line":49,"column":30},"end":{"line":49,"column":31}},"loc":{"start":{"line":49,"column":43},"end":{"line":56,"column":13}}},"3":{"name":"(anonymous_13)","decl":{"start":{"line":50,"column":33},"end":{"line":50,"column":34}},"loc":{"start":{"line":50,"column":48},"end":{"line":55,"column":17}}},"4":{"name":"(anonymous_14)","decl":{"start":{"line":70,"column":37},"end":{"line":70,"column":38}},"loc":{"start":{"line":70,"column":50},"end":{"line":77,"column":13}}},"5":{"name":"(anonymous_15)","decl":{"start":{"line":71,"column":33},"end":{"line":71,"column":34}},"loc":{"start":{"line":71,"column":48},"end":{"line":76,"column":17}}},"6":{"name":"(anonymous_16)","decl":{"start":{"line":88,"column":30},"end":{"line":88,"column":31}},"loc":{"start":{"line":88,"column":40},"end":{"line":88,"column":56}}},"7":{"name":"(anonymous_17)","decl":{"start":{"line":91,"column":12},"end":{"line":91,"column":34}},"loc":{"start":{"line":91,"column":50},"end":{"line":102,"column":5}}},"8":{"name":"(anonymous_18)","decl":{"start":{"line":104,"column":12},"end":{"line":104,"column":24}},"loc":{"start":{"line":104,"column":40},"end":{"line":110,"column":5}}},"9":{"name":"(anonymous_19)","decl":{"start":{"line":112,"column":12},"end":{"line":112,"column":23}},"loc":{"start":{"line":112,"column":39},"end":{"line":134,"column":5}}},"10":{"name":"(anonymous_20)","decl":{"start":{"line":118,"column":27},"end":{"line":118,"column":28}},"loc":{"start":{"line":118,"column":42},"end":{"line":123,"column":9}}},"11":{"name":"(anonymous_21)","decl":{"start":{"line":136,"column":12},"end":{"line":136,"column":24}},"loc":{"start":{"line":136,"column":40},"end":{"line":149,"column":5}}},"12":{"name":"(anonymous_22)","decl":{"start":{"line":138,"column":26},"end":{"line":138,"column":27}},"loc":{"start":{"line":138,"column":41},"end":{"line":147,"column":9}}},"13":{"name":"(anonymous_23)","decl":{"start":{"line":151,"column":12},"end":{"line":151,"column":25}},"loc":{"start":{"line":151,"column":41},"end":{"line":160,"column":5}}},"14":{"name":"(anonymous_24)","decl":{"start":{"line":153,"column":27},"end":{"line":153,"column":28}},"loc":{"start":{"line":153,"column":42},"end":{"line":158,"column":9}}},"15":{"name":"(anonymous_25)","decl":{"start":{"line":162,"column":12},"end":{"line":162,"column":27}},"loc":{"start":{"line":162,"column":43},"end":{"line":171,"column":5}}},"16":{"name":"(anonymous_26)","decl":{"start":{"line":164,"column":41},"end":{"line":164,"column":42}},"loc":{"start":{"line":164,"column":56},"end":{"line":169,"column":9}}},"17":{"name":"(anonymous_27)","decl":{"start":{"line":173,"column":12},"end":{"line":173,"column":27}},"loc":{"start":{"line":173,"column":43},"end":{"line":186,"column":5}}},"18":{"name":"(anonymous_28)","decl":{"start":{"line":177,"column":23},"end":{"line":177,"column":24}},"loc":{"start":{"line":177,"column":38},"end":{"line":183,"column":9}}},"19":{"name":"(anonymous_29)","decl":{"start":{"line":188,"column":12},"end":{"line":188,"column":27}},"loc":{"start":{"line":188,"column":43},"end":{"line":285,"column":5}}},"20":{"name":"(anonymous_30)","decl":{"start":{"line":192,"column":41},"end":{"line":192,"column":42}},"loc":{"start":{"line":192,"column":56},"end":{"line":206,"column":9}}},"21":{"name":"(anonymous_31)","decl":{"start":{"line":209,"column":20},"end":{"line":209,"column":21}},"loc":{"start":{"line":209,"column":35},"end":{"line":217,"column":9}}},"22":{"name":"(anonymous_32)","decl":{"start":{"line":220,"column":25},"end":{"line":220,"column":26}},"loc":{"start":{"line":220,"column":40},"end":{"line":240,"column":9}}},"23":{"name":"(anonymous_33)","decl":{"start":{"line":223,"column":33},"end":{"line":223,"column":34}},"loc":{"start":{"line":223,"column":43},"end":{"line":228,"column":13}}},"24":{"name":"(anonymous_34)","decl":{"start":{"line":246,"column":17},"end":{"line":246,"column":18}},"loc":{"start":{"line":246,"column":24},"end":{"line":246,"column":32}}},"25":{"name":"(anonymous_35)","decl":{"start":{"line":247,"column":21},"end":{"line":247,"column":22}},"loc":{"start":{"line":247,"column":34},"end":{"line":257,"column":13}}},"26":{"name":"(anonymous_36)","decl":{"start":{"line":248,"column":33},"end":{"line":248,"column":34}},"loc":{"start":{"line":248,"column":48},"end":{"line":256,"column":17}}},"27":{"name":"(anonymous_37)","decl":{"start":{"line":262,"column":15},"end":{"line":262,"column":16}},"loc":{"start":{"line":262,"column":30},"end":{"line":270,"column":9}}},"28":{"name":"(anonymous_38)","decl":{"start":{"line":273,"column":24},"end":{"line":273,"column":25}},"loc":{"start":{"line":273,"column":39},"end":{"line":282,"column":9}}},"29":{"name":"(anonymous_39)","decl":{"start":{"line":287,"column":11},"end":{"line":287,"column":20}},"loc":{"start":{"line":287,"column":33},"end":{"line":292,"column":5}}},"30":{"name":"(anonymous_40)","decl":{"start":{"line":294,"column":11},"end":{"line":294,"column":23}},"loc":{"start":{"line":296,"column":35},"end":{"line":321,"column":5}}}},"branchMap":{"0":{"loc":{"start":{"line":40,"column":8},"end":{"line":40,"column":32}},"type":"default-arg","locations":[{"start":{"line":40,"column":30},"end":{"line":40,"column":32}}]},"1":{"loc":{"start":{"line":48,"column":8},"end":{"line":86,"column":9}},"type":"if","locations":[{"start":{"line":48,"column":8},"end":{"line":86,"column":9}},{"start":{"line":57,"column":15},"end":{"line":86,"column":9}}]},"2":{"loc":{"start":{"line":52,"column":20},"end":{"line":54,"column":21}},"type":"if","locations":[{"start":{"line":52,"column":20},"end":{"line":54,"column":21}}]},"3":{"loc":{"start":{"line":73,"column":20},"end":{"line":75,"column":21}},"type":"if","locations":[{"start":{"line":73,"column":20},"end":{"line":75,"column":21}}]},"4":{"loc":{"start":{"line":73,"column":24},"end":{"line":73,"column":49}},"type":"binary-expr","locations":[{"start":{"line":73,"column":24},"end":{"line":73,"column":28}},{"start":{"line":73,"column":32},"end":{"line":73,"column":49}}]},"5":{"loc":{"start":{"line":80,"column":12},"end":{"line":85,"column":13}},"type":"if","locations":[{"start":{"line":80,"column":12},"end":{"line":85,"column":13}}]},"6":{"loc":{"start":{"line":82,"column":16},"end":{"line":84,"column":17}},"type":"if","locations":[{"start":{"line":82,"column":16},"end":{"line":84,"column":17}}]},"7":{"loc":{"start":{"line":106,"column":12},"end":{"line":108,"column":22}},"type":"binary-expr","locations":[{"start":{"line":106,"column":12},"end":{"line":106,"column":36}},{"start":{"line":107,"column":12},"end":{"line":107,"column":41}},{"start":{"line":108,"column":12},"end":{"line":108,"column":22}}]},"8":{"loc":{"start":{"line":120,"column":12},"end":{"line":122,"column":13}},"type":"if","locations":[{"start":{"line":120,"column":12},"end":{"line":122,"column":13}}]},"9":{"loc":{"start":{"line":120,"column":16},"end":{"line":120,"column":67}},"type":"binary-expr","locations":[{"start":{"line":120,"column":16},"end":{"line":120,"column":28}},{"start":{"line":120,"column":32},"end":{"line":120,"column":67}}]},"10":{"loc":{"start":{"line":129,"column":8},"end":{"line":131,"column":9}},"type":"if","locations":[{"start":{"line":129,"column":8},"end":{"line":131,"column":9}}]},"11":{"loc":{"start":{"line":140,"column":12},"end":{"line":146,"column":13}},"type":"if","locations":[{"start":{"line":140,"column":12},"end":{"line":146,"column":13}}]},"12":{"loc":{"start":{"line":141,"column":16},"end":{"line":143,"column":47}},"type":"binary-expr","locations":[{"start":{"line":141,"column":16},"end":{"line":141,"column":20}},{"start":{"line":142,"column":16},"end":{"line":142,"column":37}},{"start":{"line":143,"column":16},"end":{"line":143,"column":47}}]},"13":{"loc":{"start":{"line":155,"column":12},"end":{"line":157,"column":13}},"type":"if","locations":[{"start":{"line":155,"column":12},"end":{"line":157,"column":13}}]},"14":{"loc":{"start":{"line":166,"column":12},"end":{"line":168,"column":13}},"type":"if","locations":[{"start":{"line":166,"column":12},"end":{"line":168,"column":13}}]},"15":{"loc":{"start":{"line":178,"column":25},"end":{"line":178,"column":79}},"type":"binary-expr","locations":[{"start":{"line":178,"column":25},"end":{"line":178,"column":48}},{"start":{"line":178,"column":52},"end":{"line":178,"column":79}}]},"16":{"loc":{"start":{"line":180,"column":12},"end":{"line":182,"column":13}},"type":"if","locations":[{"start":{"line":180,"column":12},"end":{"line":182,"column":13}}]},"17":{"loc":{"start":{"line":180,"column":16},"end":{"line":180,"column":31}},"type":"binary-expr","locations":[{"start":{"line":180,"column":16},"end":{"line":180,"column":20}},{"start":{"line":180,"column":24},"end":{"line":180,"column":31}}]},"18":{"loc":{"start":{"line":195,"column":16},"end":{"line":195,"column":60}},"type":"binary-expr","locations":[{"start":{"line":195,"column":16},"end":{"line":195,"column":53}},{"start":{"line":195,"column":57},"end":{"line":195,"column":60}}]},"19":{"loc":{"start":{"line":199,"column":12},"end":{"line":205,"column":13}},"type":"if","locations":[{"start":{"line":199,"column":12},"end":{"line":205,"column":13}}]},"20":{"loc":{"start":{"line":211,"column":12},"end":{"line":216,"column":13}},"type":"if","locations":[{"start":{"line":211,"column":12},"end":{"line":216,"column":13}}]},"21":{"loc":{"start":{"line":211,"column":16},"end":{"line":211,"column":40}},"type":"binary-expr","locations":[{"start":{"line":211,"column":16},"end":{"line":211,"column":20}},{"start":{"line":211,"column":24},"end":{"line":211,"column":40}}]},"22":{"loc":{"start":{"line":225,"column":16},"end":{"line":227,"column":17}},"type":"if","locations":[{"start":{"line":225,"column":16},"end":{"line
[...]
132,"column":5}}},"4":{"name":"(anonymous_5)","decl":{"start":{"line":134,"column":12},"end":{"line":134,"column":41}},"loc":{"start":{"line":134,"column":56},"end":{"line":159,"column":5}}},"5":{"name":"(anonymous_6)","decl":{"start":{"line":161,"column":11},"end":{"line":161,"column":33}},"loc":{"start":{"line":162,"column":34},"end":{"line":212,"column":5}}},"6":{"name":"(anonymous_7)","decl":{"start":{"line":167,"column":36},"end":{"line":167,"column":37}},"loc":{"start":{"line":167,"column":46},"end":{"line":209,"column":9}}}},"branchMap":{"0":{"loc":{"start":{"line":15,"column":8},"end":{"line":22,"column":9}},"type":"if","locations":[{"start":{"line":15,"column":8},"end":{"line":22,"column":9}},{"start":{"line":17,"column":15},"end":{"line":22,"column":9}}]},"1":{"loc":{"start":{"line":15,"column":12},"end":{"line":15,"column":74}},"type":"binary-expr","locations":[{"start":{"line":15,"column":12},"end":{"line":15,"column":43}},{"start":{"line":15,"column":47},"end":{"line":15,"column":74}}]},"2":{"loc":{"start":{"line":17,"column":15},"end":{"line":22,"column":9}},"type":"if","locations":[{"start":{"line":17,"column":15},"end":{"line":22,"column":9}}]},"3":{"loc":{"start":{"line":18,"column":12},"end":{"line":19,"column":45}},"type":"binary-expr","locations":[{"start":{"line":18,"column":12},"end":{"line":18,"column":43}},{"start":{"line":19,"column":12},"end":{"line":19,"column":45}}]},"4":{"loc":{"start":{"line":29,"column":8},"end":{"line":36,"column":9}},"type":"if","locations":[{"start":{"line":29,"column":8},"end":{"line":36,"column":9}},{"start":{"line":31,"column":15},"end":{"line":36,"column":9}}]},"5":{"loc":{"start":{"line":31,"column":15},"end":{"line":36,"column":9}},"type":"if","locations":[{"start":{"line":31,"column":15},"end":{"line":36,"column":9}}]},"6":{"loc":{"start":{"line":32,"column":12},"end":{"line":33,"column":43}},"type":"binary-expr","locations":[{"start":{"line":32,"column":12},"end":{"line":32,"column":40}},{"start":{"line":33,"column":12},"end":{"line":33,"column":43}}]},"7":{"loc":{"start":{"line":80,"column":12},"end":{"line":82,"column":13}},"type":"if","locations":[{"start":{"line":80,"column":12},"end":{"line":82,"column":13}}]},"8":{"loc":{"start":{"line":86,"column":8},"end":{"line":88,"column":9}},"type":"if","locations":[{"start":{"line":86,"column":8},"end":{"line":88,"column":9}}]},"9":{"loc":{"start":{"line":97,"column":8},"end":{"line":129,"column":9}},"type":"if","locations":[{"start":{"line":97,"column":8},"end":{"line":129,"column":9}},{"start":{"line":99,"column":15},"end":{"line":129,"column":9}}]},"10":{"loc":{"start":{"line":99,"column":15},"end":{"line":129,"column":9}},"type":"if","locations":[{"start":{"line":99,"column":15},"end":{"line":129,"column":9}},{"start":{"line":104,"column":15},"end":{"line":129,"column":9}}]},"11":{"loc":{"start":{"line":100,"column":12},"end":{"line":101,"column":40}},"type":"binary-expr","locations":[{"start":{"line":100,"column":12},"end":{"line":100,"column":43}},{"start":{"line":101,"column":12},"end":{"line":101,"column":40}}]},"12":{"loc":{"start":{"line":104,"column":15},"end":{"line":129,"column":9}},"type":"if","locations":[{"start":{"line":104,"column":15},"end":{"line":129,"column":9}},{"start":{"line":109,"column":15},"end":{"line":129,"column":9}}]},"13":{"loc":{"start":{"line":105,"column":12},"end":{"line":106,"column":41}},"type":"binary-expr","locations":[{"start":{"line":105,"column":12},"end":{"line":105,"column":40}},{"start":{"line":106,"column":12},"end":{"line":106,"column":41}}]},"14":{"loc":{"start":{"line":109,"column":15},"end":{"line":129,"column":9}},"type":"if","locations":[{"start":{"line":109,"column":15},"end":{"line":129,"column":9}},{"start":{"line":114,"column":15},"end":{"line":129,"column":9}}]},"15":{"loc":{"start":{"line":110,"column":12},"end":{"line":111,"column":42}},"type":"binary-expr","locations":[{"start":{"line":110,"column":12},"end":{"line":110,"column":39}},{"start":{"line":111,"column":12},"end":{"line":111,"column":42}}]},"16":{"loc":{"start":{"line":114,"column":15},"end":{"line":129,"column":9}},"type":"if","locations":[{"start":{"line":114,"column":15},"end":{"line":129,"column":9}},{"start":{"line":119,"column":15},"end":{"line":129,"column":9}}]},"17":{"loc":{"start":{"line":115,"column":12},"end":{"line":116,"column":43}},"type":"binary-expr","locations":[{"start":{"line":115,"column":12},"end":{"line":115,"column":41}},{"start":{"line":116,"column":12},"end":{"line":116,"column":43}}]},"18":{"loc":{"start":{"line":119,"column":15},"end":{"line":129,"column":9}},"type":"if","locations":[{"start":{"line":119,"column":15},"end":{"line":129,"column":9}},{"start":{"line":124,"column":15},"end":{"line":129,"column":9}}]},"19":{"loc":{"start":{"line":120,"column":12},"end":{"line":121,"column":42}},"type":"binary-expr","locations":[{"start":{"line":120,"column":12},"end":{"line":120,"column":42}},{"start":{"line":121,"column":12},"end":{"line":121,"column":42}}]},"20":{"loc":{"start":{"line":124,"column":15},"end":{"line":129,"column":9}},"type":"if","locations":[{"start":{"line":124,"column":15},"end":{"line":129,"column":9}}]},"21":{"loc":{"start":{"line":125,"column":12},"end":{"line":126,"column":43}},"type":"binary-expr","locations":[{"start":{"line":125,"column":12},"end":{"line":125,"column":40}},{"start":{"line":126,"column":12},"end":{"line":126,"column":43}}]},"22":{"loc":{"start":{"line":138,"column":8},"end":{"line":140,"column":9}},"type":"if","locations":[{"start":{"line":138,"column":8},"end":{"line":140,"column":9}}]},"23":{"loc":{"start":{"line":138,"column":12},"end":{"line":138,"column":62}},"type":"binary-expr","locations":[{"start":{"line":138,"column":12},"end":{"line":138,"column":34}},{"start":{"line":138,"column":38},"end":{"line":138,"column":62}}]},"24":{"loc":{"start":{"line":142,"column":8},"end":{"line":144,"column":9}},"type":"if","locations":[{"start":{"line":142,"column":8},"end":{"line":144,"column":9}}]},"25":{"loc":{"start":{"line":142,"column":12},"end":{"line":142,"column":62}},"type":"binary-expr","locations":[{"start":{"line":142,"column":12},"end":{"line":142,"column":36}},{"start":{"line":142,"column":40},"end":{"line":142,"column":62}}]},"26":{"loc":{"start":{"line":146,"column":8},"end":{"line":148,"column":9}},"type":"if","locations":[{"start":{"line":146,"column":8},"end":{"line":148,"column":9}}]},"27":{"loc":{"start":{"line":146,"column":12},"end":{"line":146,"column":66}},"type":"binary-expr","locations":[{"start":{"line":146,"column":12},"end":{"line":146,"column":37}},{"start":{"line":146,"column":41},"end":{"line":146,"column":66}}]},"28":{"loc":{"start":{"line":150,"column":8},"end":{"line":152,"column":9}},"type":"if","locations":[{"start":{"line":150,"column":8},"end":{"line":152,"column":9}}]},"29":{"loc":{"start":{"line":150,"column":12},"end":{"line":150,"column":70}},"type":"binary-expr","locations":[{"start":{"line":150,"column":12},"end":{"line":150,"column":39}},{"start":{"line":150,"column":43},"end":{"line":150,"column":70}}]},"30":{"loc":{"start":{"line":154,"column":8},"end":{"line":156,"column":9}},"type":"if","locations":[{"start":{"line":154,"column":8},"end":{"line":156,"column":9}}]},"31":{"loc":{"start":{"line":154,"column":12},"end":{"line":154,"column":64}},"type":"binary-expr","locations":[{"start":{"line":154,"column":12},"end":{"line":154,"column":36}},{"start":{"line":154,"column":40},"end":{"line":154,"column":64}}]},"32":{"loc":{"start":{"line":158,"column":15},"end":{"line":158,"column":76}},"type":"cond-expr","locations":[{"start":{"line":158,"column":41},"end":{"line":158,"column":64}},{"start":{"line":158,"column":67},"end":{"line":158,"column":76}}]},"33":{"loc":{"start":{"line":168,"column":12},"end":{"line":208,"column":13}},"type":"switch","locations":[{"start":{"line":169,"column":16},"end":{"line":171,"column":26}},{"start":{"line":172,"column":16},"end":{"line":174,"column":26}},{"start":{"line":175,"column":16},"end":{"line":177,"column":26}},{"start":{"line":178,"column":16},"end":{"line":180,"column":26}},{"start":{"line":181,"column":16},"end":{"line":183,"column":26}},{"start":{"line":184,"column":16},"end":{"line":187,"column":26}},{"start":{"line":188,"column":16},"end":{"line":190,"column":26}},{"start":{"line":191,"column":16},"end":{"line":193,"column":26}},{"start":{"line":194,"column":16},"end":{"line":196,"column":26}},{"start":{"line":197,"column":16},"end":{"line":199,"column":26}},{"start":{"line":200,"column":16},"end":{"line":202,"column":26}},{"start":{"line":203,"column":16},"end":{"line":205,"column":26}},{"start":{"line":206,"column":16},"end":{"line":207,"column":69}}]}},"s":{"0":2,"1":2,"2":14,"3":14,"4":14,"5":14,"6":14,"7":7,"8":7,"9":0,"10":14,"11":14,"12":14,"13":1,"14":13,"15":0,"16":14,"17":14,"18":14,"19":14,"20":14,"21":14,"22":14,"23":14,"24":168,"25":22,"26":14,"27":4,"28":14,"29":14,"30":14,"31":9,"32":5,"33":2,"34":3,"35":0,"36":3,"37":1,"38":2,"39":0,"40":2,"41":0,"42":2,"43":0,"44":2,"45":14,"46":14,"47":5,"48":14,"49":2,"50":14,"51":1,"52":14,"53":0,"54":14,"55":0,"56":14,"57":0,"58":0,"59":0,"60":0,"61":0,"62":0,"63":0,"64":0,"65":0,"66":0,"67":0,"68":0,"69":0,"70":0,"71":0,"72":0,"73":0,"74":0,"75":0,"76":0,"77":0,"78":0,"79":0,"80":0,"81":0,"82":0,"83":0,"84":0,"85":0,"86":2,"87":2},"f":{"0":14,"1":14,"2":168,"3":14,"4":14,"5":0,"6":0},"b":{"0":[7,7],"1":[14,10],"2":[0],"3":[7,7],"4":[1,13],"5":[0],"6":[13,13],"7":[22],"8":[4],"9":[9,5],"10":[2,3],"11":[5,3],"12":[0,3],"13":[3,3],"14":[1,2],"15":[3,2],"16":[0,2],"17":[2,2],"18":[0,2],"19":[2,2],"20":[0],"21":[2,2],"22":[5],"23":[14,9],"24":[2],"25":[14,13],"26":[1],"27":[14,13],"28":[0],"29":[14,14],"30":[0],"31":[14,14],"32":[8,6],"33":[0,0,0,0,0,0,0,0,0,0,0,0,0]}}
,"K:\\temp\\mcp-test\\src\\scraper\\scraper.service.ts": {"path":"K:\\temp\\mcp-test\\src\\scraper\\scraper.service.ts","statementMap":{"0":{"start":{"line":1,"column":0},"end":{"line":1,"column":52}},"1":{"start":{"line":2,"column":0},"end":{"line":2,"column":58}},"2":{"start":{"line":3,"column":0},"end":{"line":3,"column":53}},"3":{"start":{"line":4,"column":0},"end":{"line":4,"column":61}},"4":{"start":{"line":13,"column":27},"end":{"line":231,"column":null}},"5":{"start":{"line":14,"column":30},"end":{"line":14,"column":61}},"6":{"start":{"line":17,"column":25},"end":{"line":17,"column":36}},"7":{"start":{"line":18,"column":25},"end":{"line":18,"column":37}},"8":{"start":{"line":19,"column":25},"end":{"line":19,"column":40}},"9":{"start":{"line":26,"column":26},"end":{"line":26,"column":36}},"10":{"start":{"line":27,"column":8},"end":{"line":27,"column":68}},"11":{"start":{"line":29,"column":8},"end":{"line":84,"column":9}},"12":{"start":{"line":31,"column":38},"end":{"line":31,"column":76}},"13":{"start":{"line":32,"column":12},"end":{"line":36,"column":13}},"14":{"start":{"line":33,"column":16},"end":{"line":35,"column":18}},"15":{"start":{"line":39,"column":12},"end":{"line":39,"column":73}},"16":{"start":{"line":40,"column":51},"end":{"line":46,"column":14}},"17":{"start":{"line":47,"column":30},"end":{"line":47,"column":76}},"18":{"start":{"line":50,"column":12},"end":{"line":50,"column":63}},"19":{"start":{"line":51,"column":34},"end":{"line":51,"column":78}},"20":{"start":{"line":54,"column":27},"end":{"line":58,"column":14}},"21":{"start":{"line":60,"column":12},"end":{"line":63,"column":13}},"22":{"start":{"line":61,"column":16},"end":{"line":61,"column":69}},"23":{"start":{"line":62,"column":16},"end":{"line":62,"column":80}},"24":{"start":{"line":65,"column":35},"end":{"line":65,"column":57}},"25":{"start":{"line":67,"column":43},"end":{"line":77,"column":14}},"26":{"start":{"line":79,"column":12},"end":{"line":79,"column":73}},"27":{"start":{"line":80,"column":12},"end":{"line":80,"column":26}},"28":{"start":{"line":82,"column":12},"end":{"line":82,"column":67}},"29":{"start":{"line":83,"column":12},"end":{"line":83,"column":65}},"30":{"start":{"line":91,"column":8},"end":{"line":91,"column":75}},"31":{"start":{"line":93,"column":42},"end":{"line":93,"column":44}},"32":{"start":{"line":94,"column":31},"end":{"line":95,"column":null}},"33":{"start":{"line":95,"column":12},"end":{"line":95,"column":47}},"34":{"start":{"line":97,"column":34},"end":{"line":97,"column":67}},"35":{"start":{"line":98,"column":8},"end":{"line":98,"column":43}},"36":{"start":{"line":100,"column":8},"end":{"line":100,"column":80}},"37":{"start":{"line":101,"column":8},"end":{"line":101,"column":23}},"38":{"start":{"line":109,"column":8},"end":{"line":109,"column":67}},"39":{"start":{"line":111,"column":8},"end":{"line":147,"column":9}},"40":{"start":{"line":113,"column":51},"end":{"line":119,"column":14}},"41":{"start":{"line":120,"column":30},"end":{"line":120,"column":76}},"42":{"start":{"line":121,"column":34},"end":{"line":121,"column":78}},"43":{"start":{"line":125,"column":16},"end":{"line":128,"column":null}},"44":{"start":{"line":131,"column":12},"end":{"line":138,"column":14}},"45":{"start":{"line":140,"column":12},"end":{"line":143,"column":14}},"46":{"start":{"line":144,"column":12},"end":{"line":146,"column":14}},"47":{"start":{"line":158,"column":12},"end":{"line":158,"column":19}},"48":{"start":{"line":160,"column":8},"end":{"line":209,"column":9}},"49":{"start":{"line":162,"column":27},"end":{"line":164,"column":null}},"50":{"start":{"line":166,"column":12},"end":{"line":168,"column":14}},"51":{"start":{"line":171,"column":37},"end":{"line":176,"column":null}},"52":{"start":{"line":172,"column":16},"end":{"line":175,"column":null}},"53":{"start":{"line":179,"column":34},"end":{"line":179,"column":69}},"54":{"start":{"line":180,"column":37},"end":{"line":180,"column":63}},"55":{"start":{"line":183,"column":28},"end":{"line":186,"column":null}},"56":{"start":{"line":189,"column":30},"end":{"line":192,"column":null}},"57":{"start":{"line":195,"column":31},"end":{"line":198,"column":null}},"58":{"start":{"line":201,"column":12},"end":{"line":201,"column":54}},"59":{"start":{"line":203,"column":12},"end":{"line":203,"column":59}},"60":{"start":{"line":204,"column":12},"end":{"line":208,"column":14}},"61":{"start":{"line":217,"column":26},"end":{"line":217,"column":58}},"62":{"start":{"line":218,"column":29},"end":{"line":218,"column":67}},"63":{"start":{"line":220,"column":8},"end":{"line":224,"column":10}},"64":{"start":{"line":228,"column":8},"end":{"line":228,"column":60}},"65":{"start":{"line":229,"column":8},"end":{"line":229,"column":37}},"66":{"start":{"line":13,"column":13},"end":{"line":13,"column":27}},"67":{"start":{"line":13,"column":13},"end":{"line":231,"column":null}}},"fnMap":{"0":{"name":"(anonymous_2)","decl":{"start":{"line":16,"column":4},"end":{"line":16,"column":null}},"loc":{"start":{"line":19,"column":53},"end":{"line":20,"column":8}}},"1":{"name":"(anonymous_3)","decl":{"start":{"line":22,"column":11},"end":{"line":22,"column":16}},"loc":{"start":{"line":24,"column":40},"end":{"line":85,"column":5}}},"2":{"name":"(anonymous_4)","decl":{"start":{"line":87,"column":11},"end":{"line":87,"column":16}},"loc":{"start":{"line":89,"column":40},"end":{"line":102,"column":5}}},"3":{"name":"(anonymous_5)","decl":{"start":{"line":94,"column":40},"end":{"line":94,"column":43}},"loc":{"start":{"line":95,"column":12},"end":{"line":95,"column":47}}},"4":{"name":"(anonymous_6)","decl":{"start":{"line":104,"column":11},"end":{"line":104,"column":16}},"loc":{"start":{"line":107,"column":40},"end":{"line":148,"column":5}}},"5":{"name":"(anonymous_7)","decl":{"start":{"line":150,"column":12},"end":{"line":150,"column":17}},"loc":{"start":{"line":152,"column":35},"end":{"line":210,"column":5}}},"6":{"name":"(anonymous_8)","decl":{"start":{"line":171,"column":48},"end":{"line":171,"column":53}},"loc":{"start":{"line":172,"column":16},"end":{"line":175,"column":null}}},"7":{"name":"(anonymous_9)","decl":{"start":{"line":212,"column":11},"end":{"line":212,"column":16}},"loc":{"start":{"line":212,"column":32},"end":{"line":225,"column":5}}},"8":{"name":"(anonymous_10)","decl":{"start":{"line":227,"column":11},"end":{"line":227,"column":16}},"loc":{"start":{"line":227,"column":24},"end":{"line":230,"column":5}}}},"branchMap":{"0":{"loc":{"start":{"line":24,"column":8},"end":{"line":24,"column":40}},"type":"default-arg","locations":[{"start":{"line":24,"column":38},"end":{"line":24,"column":40}}]},"1":{"loc":{"start":{"line":32,"column":12},"end":{"line":36,"column":13}},"type":"if","locations":[{"start":{"line":32,"column":12},"end":{"line":36,"column":13}}]},"2":{"loc":{"start":{"line":60,"column":12},"end":{"line":63,"column":13}},"type":"if","locations":[{"start":{"line":60,"column":12},"end":{"line":63,"column":13}}]},"3":{"loc":{"start":{"line":89,"column":8},"end":{"line":89,"column":40}},"type":"default-arg","locations":[{"start":{"line":89,"column":38},"end":{"line":89,"column":40}}]},"4":{"loc":{"start":{"line":107,"column":8},"end":{"line":107,"column":40}},"type":"default-arg","locations":[{"start":{"line":107,"column":38},"end":{"line":107,"column":40}}]},"5":{"loc":{"start":{"line":155,"column":12},"end":{"line":155,"column":36}},"type":"default-arg","locations":[{"start":{"line":155,"column":27},"end":{"line":155,"column":36}}]},"6":{"loc":{"start":{"line":156,"column":12},"end":{"line":156,"column":33}},"type":"default-arg","locations":[{"start":{"line":156,"column":20},"end":{"line":156,"column":33}}]},"7":{"loc":{"start":{"line":157,"column":12},"end":{"line":157,"column":28}},"type":"default-arg","locations":[{"start":{"line":157,"column":24},"end":{"line":157,"column":28}}]},"8":{"loc":{"start":{"line":223,"column":21},"end":{"line":223,"column":46}},"type":"binary-expr","locations":[{"start":{"line":223,"column":21},"end":{"line":223,"column":30}},{"start":{"line":223,"column":34},"end":{"line":223,"column":46}}]},"9":{"loc":{"start":{"line":17,"column":36},"end":{"line":17,"column":null}},"type":"cond-expr","locations":[{"start":{"line":17,"column":52},"end":{"line":17,"column":null}},{"start":{"line":17,"column":52},"end":{"line":17,"column":null}}]},"10":{"loc":{"start":{"line":17,"column":36},"end":{"line":17,"column":52}},"type":"binary-expr","locations":[{"start":{"line":17,"column":36},"end":{"line":17,"column":null}},{"start":{"line":17,"column":36},"end":{"line":17,"column":52}}]},"11":{"loc":{"start":{"line":17,"column":52},"end":{"line":18,"column":null}},"type":"cond-expr","locations":[{"start":{"line":18,"column":54},"end":{"line":18,"column":null}},{"start":{"line":18,"column":54},"end":{"line":18,"column":null}}]},"12":{"loc":{"start":{"line":17,"column":52},"end":{"line":18,"column":54}},"type":"binary-expr","locations":[{"start":{"line":17,"column":52},"end":{"line":18,"column":null}},{"start":{"line":18,"column":37},"end":{"line":18,"column":54}}]},"13":{"loc":{"start":{"line":18,"column":54},"end":{"line":19,"column":null}},"type":"cond-expr","locations":[{"start":{"line":19,"column":53},"end":{"line":19,"column":null}},{"start":{"line":19,"column":53},"end":{"line":19,"column":null}}]},"14":{"loc":{"start":{"line":18,"column":54},"end":{"line":19,"column":53}},"type":"binary-expr","locations":[{"start":{"line":18,"column":54},"end":{"line":19,"column":null}},{"start":{"line":19,"column":40},"end":{"line":19,"column":53}}]}},"s":{"0":1,"1":1,"2":1,"3":1,"4":1,"5":0,"6":0,"7":0,"8":0,"9":0,"10":0,"11":0,"12":0,"13":0,"14":0,"15":0,"16":0,"17":0,"18":0,"19":0,"20":0,"21":0,"22":0,"23":0,"24":0,"25":0,"26":0,"27":0,"28":0,"29":0,"30":0,"31":0,"32":0,"33":0,"34":0,"35":0,"36":0,"37":0,"38":0,"39":0,"40":0,"41":0,"42":0,"43":0,"44":0,"45":0,"46":0,"47":0,"48":0,"49":0,"50":0,"51":0,"52":0,"53":0,"54":0,"55":0,"56":0,"57":0,"58":0,"59":0,"60":0,"61":0,"62":0,"63":0,"64":0,"65":0,"66":1,"67":1},"f":{"0":0,"1":0,"2":0,"3":0,"4":0,"5":0,"6":0,"7":0,"8":0},"b":{"0":[0],"1":[0],"2":[0],"3":[0],"4":[0],"5":[0],"6":[0],"7":[0],"8":[0,0],"9":[1,0],"10":[1,1],"11":[1,0],"12":[1,1],"13":[1,0],"14":[1,1]}}
}
