TN:
SF:src\user-input.service.ts
FN:9,(anonymous_11)
FN:16,(anonymous_12)
FN:17,(anonymous_13)
FN:18,(anonymous_14)
FN:24,(anonymous_15)
FN:46,(anonymous_16)
FN:53,(anonymous_17)
FN:63,(anonymous_18)
FN:82,(anonymous_19)
FN:93,(anonymous_20)
FN:98,(anonymous_21)
FNF:11
FNH:0
FNDA:0,(anonymous_11)
FNDA:0,(anonymous_12)
FNDA:0,(anonymous_13)
FNDA:0,(anonymous_14)
FNDA:0,(anonymous_15)
FNDA:0,(anonymous_16)
FNDA:0,(anonymous_17)
FNDA:0,(anonymous_18)
FNDA:0,(anonymous_19)
FNDA:0,(anonymous_20)
FNDA:0,(anonymous_21)
DA:1,0
DA:2,0
DA:5,0
DA:6,0
DA:10,0
DA:17,0
DA:18,0
DA:19,0
DA:25,0
DA:26,0
DA:27,0
DA:28,0
DA:29,0
DA:30,0
DA:31,0
DA:32,0
DA:33,0
DA:34,0
DA:35,0
DA:36,0
DA:38,0
DA:41,0
DA:43,0
DA:47,0
DA:50,0
DA:54,0
DA:56,0
DA:57,0
DA:58,0
DA:59,0
DA:61,0
DA:62,0
DA:63,0
DA:64,0
DA:68,0
DA:69,0
DA:75,0
DA:76,0
DA:77,0
DA:83,0
DA:84,0
DA:87,0
DA:90,0
DA:94,0
DA:95,0
DA:99,0
LF:46
LH:0
BRDA:56,0,0,0
BRDA:56,0,1,0
BRDA:58,1,0,0
BRDA:61,2,0,0
BRDA:61,3,0,0
BRDA:61,3,1,0
BRDA:68,4,0,0
BRDA:76,5,0,0
BRF:8
BRH:0
end_of_record
TN:
SF:src\ai\ollama.service.ts
FN:10,(anonymous_2)
FN:15,(anonymous_3)
FN:47,(anonymous_4)
FN:74,(anonymous_5)
FN:94,(anonymous_6)
FN:104,(anonymous_7)
FN:107,(anonymous_8)
FN:114,(anonymous_9)
FNF:8
FNH:5
FNDA:9,(anonymous_2)
FNDA:7,(anonymous_3)
FNDA:3,(anonymous_4)
FNDA:1,(anonymous_5)
FNDA:2,(anonymous_6)
FNDA:0,(anonymous_7)
FNDA:0,(anonymous_8)
FNDA:0,(anonymous_9)
DA:1,2
DA:2,2
DA:6,2
DA:7,9
DA:11,9
DA:12,9
DA:24,7
DA:26,7
DA:27,7
DA:29,7
DA:39,6
DA:40,6
DA:42,1
DA:43,1
DA:52,3
DA:70,3
DA:71,3
DA:79,1
DA:88,1
DA:95,2
DA:96,2
DA:97,1
DA:99,1
DA:100,1
DA:105,0
DA:106,0
DA:107,0
DA:109,0
DA:110,0
DA:115,0
DA:116,0
DA:117,0
DA:118,0
DA:120,0
DA:121,0
LF:35
LH:24
BRDA:11,0,0,9
BRDA:11,0,1,9
BRDA:17,1,0,2
BRDA:20,2,0,2
BRDA:21,3,0,2
BRDA:22,4,0,6
BRDA:23,5,0,6
BRDA:49,6,0,0
BRDA:50,7,0,3
BRDA:77,8,0,1
BRDA:107,9,0,0
BRDA:107,9,1,0
BRF:12
BRH:9
end_of_record
TN:
SF:src\mcp\mcp-client.service.ts
FN:13,(anonymous_3)
FN:19,(anonymous_4)
FN:54,(anonymous_5)
FN:90,(anonymous_6)
FN:101,(anonymous_7)
FN:112,(anonymous_8)
FN:130,(anonymous_9)
FN:163,(anonymous_10)
FN:174,(anonymous_11)
FN:179,(anonymous_12)
FN:182,(anonymous_13)
FN:197,(anonymous_14)
FN:214,(anonymous_15)
FN:227,(anonymous_16)
FNF:14
FNH:11
FNDA:9,(anonymous_3)
FNDA:5,(anonymous_4)
FNDA:5,(anonymous_5)
FNDA:3,(anonymous_6)
FNDA:1,(anonymous_7)
FNDA:1,(anonymous_8)
FNDA:0,(anonymous_9)
FNDA:2,(anonymous_10)
FNDA:0,(anonymous_11)
FNDA:6,(anonymous_12)
FNDA:0,(anonymous_13)
FNDA:2,(anonymous_14)
FNDA:2,(anonymous_15)
FNDA:2,(anonymous_16)
DA:1,2
DA:2,2
DA:3,2
DA:8,2
DA:10,9
DA:11,9
DA:14,9
DA:16,9
DA:20,5
DA:21,0
DA:24,5
DA:25,5
DA:27,5
DA:46,4
DA:47,4
DA:49,1
DA:50,1
DA:57,5
DA:58,5
DA:61,4
DA:62,4
DA:64,4
DA:68,4
DA:71,4
DA:72,0
DA:76,4
DA:77,0
DA:81,4
DA:82,4
DA:90,3
DA:93,3
DA:94,3
DA:98,1
DA:101,1
DA:104,1
DA:108,1
DA:112,1
DA:116,4
DA:117,2
DA:122,2
DA:130,4
DA:131,0
DA:139,4
DA:141,4
DA:154,0
DA:155,0
DA:157,4
DA:158,4
DA:168,2
DA:172,2
DA:174,6
DA:175,0
DA:179,6
DA:182,6
DA:184,0
DA:185,0
DA:188,6
DA:189,1
DA:190,1
DA:193,5
DA:198,2
DA:199,2
DA:200,1
DA:204,1
DA:205,1
DA:206,1
DA:207,1
DA:209,0
DA:210,0
DA:215,2
DA:216,2
DA:217,2
DA:218,1
DA:219,1
DA:220,1
DA:222,1
DA:228,2
DA:229,2
DA:231,0
LF:79
LH:67
BRDA:20,0,0,0
BRDA:57,1,0,5
BRDA:57,2,0,5
BRDA:57,2,1,0
BRDA:71,3,0,0
BRDA:76,4,0,0
BRDA:83,5,0,3
BRDA:83,5,1,1
BRDA:94,6,0,1
BRDA:95,7,0,3
BRDA:95,7,1,2
BRDA:116,8,0,2
BRDA:116,9,0,4
BRDA:116,9,1,2
BRDA:119,10,0,2
BRDA:119,10,1,0
BRDA:125,11,0,2
BRDA:125,11,1,0
BRDA:142,12,0,4
BRDA:142,12,1,0
BRDA:143,13,0,4
BRDA:143,13,1,0
BRDA:144,14,0,4
BRDA:144,14,1,1
BRDA:145,15,0,4
BRDA:145,15,1,1
BRDA:149,16,0,4
BRDA:149,16,1,1
BRDA:157,17,0,4
BRDA:188,18,0,1
BRDA:199,19,0,1
BRDA:199,20,0,2
BRDA:199,20,1,1
BRDA:215,21,0,2
BRDA:13,22,0,2
BRDA:13,22,1,0
BRDA:13,23,0,2
BRDA:13,23,1,2
BRF:38
BRH:29
end_of_record
TN:
SF:src\mcp\mcp.types.ts
FN:2,Tool
FN:7,(anonymous_1)
FNF:2
FNH:0
FNDA:0,Tool
FNDA:0,(anonymous_1)
DA:2,0
DA:7,0
DA:13,0
DA:14,0
DA:16,0
LF:5
LH:0
BRDA:13,0,0,0
BRF:1
BRH:0
end_of_record
TN:
SF:src\mcp\scraper.tool.ts
FN:43,(anonymous_2)
FN:51,(anonymous_3)
FN:92,(anonymous_4)
FN:158,(anonymous_5)
FN:208,(anonymous_6)
FNF:5
FNH:0
FNDA:0,(anonymous_2)
FNDA:0,(anonymous_3)
FNDA:0,(anonymous_4)
FNDA:0,(anonymous_5)
FNDA:0,(anonymous_6)
DA:1,0
DA:2,0
DA:3,0
DA:4,0
DA:7,0
DA:18,0
DA:29,0
DA:40,0
DA:41,0
DA:43,0
DA:51,0
DA:52,0
DA:53,0
DA:57,0
DA:65,0
DA:70,0
DA:71,0
DA:77,0
DA:78,0
DA:92,0
DA:93,0
DA:94,0
DA:98,0
DA:106,0
DA:107,0
DA:108,0
DA:109,0
DA:113,0
DA:114,0
DA:118,0
DA:124,0
DA:125,0
DA:136,0
DA:137,0
DA:143,0
DA:144,0
DA:158,0
DA:159,0
DA:160,0
DA:162,0
DA:169,0
DA:176,0
DA:182,0
DA:183,0
DA:194,0
DA:195,0
DA:208,0
DA:209,0
DA:210,0
DA:212,0
DA:214,0
DA:227,0
DA:228,0
LF:53
LH:0
BRDA:80,0,0,0
BRDA:80,0,1,0
BRDA:129,1,0,0
BRDA:129,1,1,0
BRDA:146,2,0,0
BRDA:146,2,1,0
BRDA:197,3,0,0
BRDA:197,3,1,0
BRDA:217,4,0,0
BRDA:217,4,1,0
BRDA:219,5,0,0
BRDA:219,5,1,0
BRDA:220,6,0,0
BRDA:220,6,1,0
BRDA:230,7,0,0
BRDA:230,7,1,0
BRDA:51,8,0,0
BRDA:51,8,1,0
BRDA:51,9,0,0
BRDA:51,9,1,0
BRDA:92,10,0,0
BRDA:92,10,1,0
BRDA:92,11,0,0
BRDA:92,11,1,0
BRDA:158,12,0,0
BRDA:158,12,1,0
BRDA:158,13,0,0
BRDA:158,13,1,0
BRDA:208,14,0,0
BRDA:208,14,1,0
BRDA:208,15,0,0
BRDA:208,15,1,0
BRDA:43,16,0,0
BRDA:43,16,1,0
BRDA:43,17,0,0
BRDA:43,17,1,0
BRF:36
BRH:0
end_of_record
TN:
SF:src\scraper\csv-export.service.ts
FN:9,(anonymous_10)
FN:75,(anonymous_11)
FN:82,(anonymous_12)
FN:84,(anonymous_13)
FN:91,(anonymous_14)
FN:113,(anonymous_15)
FN:116,(anonymous_16)
FN:130,(anonymous_17)
FN:169,(anonymous_18)
FN:183,(anonymous_19)
FN:231,(anonymous_20)
FN:232,(anonymous_21)
FN:235,(anonymous_22)
FN:237,(anonymous_23)
FN:272,(anonymous_24)
FN:282,(anonymous_25)
FN:285,(anonymous_26)
FN:289,(anonymous_27)
FN:290,(anonymous_28)
FNF:19
FNH:19
FNDA:9,(anonymous_10)
FNDA:9,(anonymous_11)
FNDA:14,(anonymous_12)
FNDA:57,(anonymous_13)
FNDA:57,(anonymous_14)
FNDA:14,(anonymous_15)
FNDA:57,(anonymous_16)
FNDA:3,(anonymous_17)
FNDA:3,(anonymous_18)
FNDA:4,(anonymous_19)
FNDA:18,(anonymous_20)
FNDA:18,(anonymous_21)
FNDA:4,(anonymous_22)
FNDA:7,(anonymous_23)
FNDA:2,(anonymous_24)
FNDA:7,(anonymous_25)
FNDA:5,(anonymous_26)
FNDA:5,(anonymous_27)
FNDA:5,(anonymous_28)
DA:1,2
DA:2,2
DA:3,2
DA:6,2
DA:7,13
DA:14,9
DA:18,9
DA:19,9
DA:21,9
DA:26,0
DA:27,0
DA:30,9
DA:31,9
DA:35,9
DA:36,1
DA:39,9
DA:40,2
DA:44,7
DA:47,7
DA:49,7
DA:53,7
DA:56,7
DA:58,6
DA:59,6
DA:61,3
DA:63,3
DA:64,3
DA:69,2
DA:71,1
DA:76,9
DA:77,0
DA:81,9
DA:82,9
DA:83,14
DA:84,57
DA:88,9
DA:91,9
DA:92,57
DA:93,0
DA:96,57
DA:99,57
DA:104,2
DA:107,55
DA:111,9
DA:114,14
DA:115,14
DA:116,57
DA:120,0
DA:127,9
DA:136,3
DA:138,3
DA:148,3
DA:154,3
DA:155,3
DA:158,3
DA:160,3
DA:162,1
DA:164,1
DA:165,1
DA:170,3
DA:174,3
DA:176,3
DA:182,2
DA:184,4
DA:187,4
DA:197,4
DA:198,4
DA:200,4
DA:201,4
DA:202,4
DA:203,4
DA:204,4
DA:205,4
DA:210,4
DA:211,4
DA:227,2
DA:228,2
DA:229,2
DA:231,18
DA:232,18
DA:234,2
DA:235,4
DA:237,2
DA:238,7
DA:241,7
DA:245,0
DA:246,0
DA:247,0
DA:248,0
DA:249,0
DA:250,0
DA:269,3
DA:273,2
DA:282,7
DA:287,5
DA:289,5
DA:290,5
DA:293,5
DA:295,5
DA:299,0
DA:303,5
DA:305,5
DA:310,0
LF:103
LH:90
BRDA:21,0,0,0
BRDA:21,0,1,9
BRDA:22,1,0,9
BRDA:22,1,1,5
BRDA:26,2,0,0
BRDA:26,2,1,0
BRDA:31,3,0,9
BRDA:31,3,1,4
BRDA:35,4,0,1
BRDA:39,5,0,2
BRDA:49,6,0,0
BRDA:49,6,1,7
BRDA:49,7,0,7
BRDA:49,7,1,7
BRDA:63,8,0,3
BRDA:63,8,1,0
BRDA:64,9,0,2
BRDA:65,10,0,3
BRDA:65,10,1,3
BRDA:76,11,0,0
BRDA:83,12,0,14
BRDA:83,13,0,14
BRDA:83,13,1,14
BRDA:92,14,0,0
BRDA:92,15,0,57
BRDA:92,15,1,57
BRDA:99,16,0,2
BRDA:100,17,0,57
BRDA:100,17,1,56
BRDA:100,17,2,56
BRDA:114,18,0,14
BRDA:114,18,1,0
BRDA:114,19,0,14
BRDA:114,19,1,14
BRDA:134,20,0,2
BRDA:142,21,0,3
BRDA:142,21,1,0
BRDA:164,22,0,1
BRDA:164,22,1,0
BRDA:176,23,0,2
BRDA:177,24,0,3
BRDA:177,24,1,2
BRDA:177,24,2,2
BRDA:184,25,0,4
BRDA:184,25,1,0
BRDA:202,26,0,4
BRDA:202,27,0,4
BRDA:202,27,1,4
BRDA:210,28,0,4
BRDA:210,29,0,4
BRDA:210,29,1,0
BRDA:217,30,0,4
BRDA:217,30,1,0
BRDA:218,31,0,4
BRDA:218,31,1,0
BRDA:227,32,0,2
BRDA:227,32,1,0
BRDA:228,33,0,2
BRDA:228,34,0,2
BRDA:228,34,1,2
BRDA:241,35,0,0
BRDA:242,36,0,7
BRDA:242,36,1,0
BRDA:242,36,2,0
BRDA:248,37,0,0
BRDA:256,38,0,0
BRDA:256,38,1,0
BRDA:257,39,0,0
BRDA:257,39,1,0
BRDA:295,40,0,0
BRDA:296,41,0,5
BRDA:296,41,1,5
BRDA:303,42,0,5
BRF:73
BRH:49
end_of_record
TN:
SF:src\scraper\html-parser.service.ts
FN:9,(anonymous_10)
FN:38,(anonymous_11)
FN:49,(anonymous_12)
FN:50,(anonymous_13)
FN:70,(anonymous_14)
FN:71,(anonymous_15)
FN:88,(anonymous_16)
FN:91,(anonymous_17)
FN:104,(anonymous_18)
FN:112,(anonymous_19)
FN:118,(anonymous_20)
FN:136,(anonymous_21)
FN:138,(anonymous_22)
FN:151,(anonymous_23)
FN:153,(anonymous_24)
FN:162,(anonymous_25)
FN:164,(anonymous_26)
FN:173,(anonymous_27)
FN:177,(anonymous_28)
FN:188,(anonymous_29)
FN:192,(anonymous_30)
FN:209,(anonymous_31)
FN:220,(anonymous_32)
FN:223,(anonymous_33)
FN:246,(anonymous_34)
FN:247,(anonymous_35)
FN:248,(anonymous_36)
FN:262,(anonymous_37)
FN:273,(anonymous_38)
FN:287,(anonymous_39)
FN:294,(anonymous_40)
FNF:31
FNH:0
FNDA:0,(anonymous_10)
FNDA:0,(anonymous_11)
FNDA:0,(anonymous_12)
FNDA:0,(anonymous_13)
FNDA:0,(anonymous_14)
FNDA:0,(anonymous_15)
FNDA:0,(anonymous_16)
FNDA:0,(anonymous_17)
FNDA:0,(anonymous_18)
FNDA:0,(anonymous_19)
FNDA:0,(anonymous_20)
FNDA:0,(anonymous_21)
FNDA:0,(anonymous_22)
FNDA:0,(anonymous_23)
FNDA:0,(anonymous_24)
FNDA:0,(anonymous_25)
FNDA:0,(anonymous_26)
FNDA:0,(anonymous_27)
FNDA:0,(anonymous_28)
FNDA:0,(anonymous_29)
FNDA:0,(anonymous_30)
FNDA:0,(anonymous_31)
FNDA:0,(anonymous_32)
FNDA:0,(anonymous_33)
FNDA:0,(anonymous_34)
FNDA:0,(anonymous_35)
FNDA:0,(anonymous_36)
FNDA:0,(anonymous_37)
FNDA:0,(anonymous_38)
FNDA:0,(anonymous_39)
FNDA:0,(anonymous_40)
DA:1,1
DA:2,1
DA:6,1
DA:7,0
DA:10,0
DA:13,0
DA:15,0
DA:16,0
DA:17,0
DA:18,0
DA:19,0
DA:20,0
DA:21,0
DA:23,0
DA:27,0
DA:42,0
DA:43,0
DA:45,0
DA:48,0
DA:49,0
DA:50,0
DA:51,0
DA:52,0
DA:53,0
DA:59,0
DA:70,0
DA:71,0
DA:72,0
DA:73,0
DA:74,0
DA:80,0
DA:81,0
DA:82,0
DA:83,0
DA:88,0
DA:93,0
DA:98,0
DA:101,0
DA:105,0
DA:114,0
DA:117,0
DA:118,0
DA:119,0
DA:120,0
DA:121,0
DA:126,0
DA:129,0
DA:130,0
DA:133,0
DA:137,0
DA:138,0
DA:139,0
DA:140,0
DA:145,0
DA:148,0
DA:152,0
DA:153,0
DA:154,0
DA:155,0
DA:156,0
DA:159,0
DA:163,0
DA:164,0
DA:165,0
DA:166,0
DA:167,0
DA:170,0
DA:174,0
DA:177,0
DA:178,0
DA:179,0
DA:180,0
DA:181,0
DA:185,0
DA:189,0
DA:192,0
DA:193,0
DA:194,0
DA:197,0
DA:199,0
DA:200,0
DA:209,0
DA:210,0
DA:211,0
DA:212,0
DA:220,0
DA:221,0
DA:222,0
DA:223,0
DA:224,0
DA:225,0
DA:226,0
DA:230,0
DA:231,0
DA:244,0
DA:246,0
DA:248,0
DA:249,0
DA:250,0
DA:251,0
DA:260,0
DA:263,0
DA:264,0
DA:265,0
DA:273,0
DA:274,0
DA:275,0
DA:276,0
DA:277,0
DA:284,0
DA:288,0
DA:298,0
DA:299,0
DA:301,0
DA:302,0
DA:303,0
DA:304,0
DA:306,0
DA:307,0
DA:308,0
DA:310,0
DA:312,0
DA:316,0
DA:317,0
DA:320,0
LF:125
LH:3
BRDA:40,0,0,0
BRDA:48,1,0,0
BRDA:48,1,1,0
BRDA:52,2,0,0
BRDA:73,3,0,0
BRDA:73,4,0,0
BRDA:73,4,1,0
BRDA:80,5,0,0
BRDA:82,6,0,0
BRDA:106,7,0,0
BRDA:106,7,1,0
BRDA:106,7,2,0
BRDA:120,8,0,0
BRDA:120,9,0,0
BRDA:120,9,1,0
BRDA:129,10,0,0
BRDA:140,11,0,0
BRDA:141,12,0,0
BRDA:141,12,1,0
BRDA:141,12,2,0
BRDA:155,13,0,0
BRDA:166,14,0,0
BRDA:178,15,0,0
BRDA:178,15,1,0
BRDA:180,16,0,0
BRDA:180,17,0,0
BRDA:180,17,1,0
BRDA:195,18,0,0
BRDA:195,18,1,0
BRDA:199,19,0,0
BRDA:211,20,0,0
BRDA:211,21,0,0
BRDA:211,21,1,0
BRDA:225,22,0,0
BRDA:230,23,0,0
BRDA:234,24,0,0
BRDA:234,24,1,0
BRDA:250,25,0,0
BRDA:250,26,0,0
BRDA:250,26,1,0
BRDA:264,27,0,0
BRDA:264,28,0,0
BRDA:264,28,1,0
BRDA:276,29,0,0
BRDA:276,30,0,0
BRDA:276,30,1,0
BRDA:296,31,0,0
BRDA:304,32,0,0
BRDA:306,33,0,0
BRDA:306,33,1,0
BRDA:307,34,0,0
BRDA:312,35,0,0
BRDA:312,35,1,0
BRDA:316,36,0,0
BRF:54
BRH:0
end_of_record
TN:
SF:src\scraper\interactive-scraper.service.ts
FN:16,(anonymous_2)
FN:23,(anonymous_3)
FN:116,(anonymous_4)
FN:138,(anonymous_5)
FN:166,(anonymous_6)
FN:204,(anonymous_7)
FN:241,(anonymous_8)
FN:310,(anonymous_9)
FNF:8
FNH:7
FNDA:15,(anonymous_2)
FNDA:5,(anonymous_3)
FNDA:6,(anonymous_4)
FNDA:10,(anonymous_5)
FNDA:10,(anonymous_6)
FNDA:8,(anonymous_7)
FNDA:7,(anonymous_8)
FNDA:0,(anonymous_9)
DA:1,1
DA:2,1
DA:3,1
DA:4,1
DA:5,1
DA:13,1
DA:14,15
DA:17,15
DA:18,15
DA:19,15
DA:20,15
DA:26,5
DA:27,5
DA:30,5
DA:33,5
DA:43,4
DA:54,4
DA:61,3
DA:62,1
DA:73,2
DA:75,2
DA:76,2
DA:77,0
DA:81,2
DA:84,2
DA:87,2
DA:90,2
DA:97,1
DA:104,3
DA:106,3
DA:122,6
DA:123,6
DA:124,6
DA:126,0
DA:128,6
DA:129,0
DA:131,6
DA:139,10
DA:140,10
DA:142,3
DA:148,3
DA:154,3
DA:155,3
DA:157,1
DA:161,1
DA:172,10
DA:173,10
DA:174,10
DA:175,0
DA:176,0
DA:177,0
DA:179,0
DA:181,10
DA:184,10
DA:188,10
DA:190,10
DA:197,2
DA:200,2
DA:204,8
DA:230,8
DA:231,8
DA:232,8
DA:233,8
DA:238,8
DA:239,8
DA:241,8
DA:243,7
DA:244,7
DA:245,6
DA:246,6
DA:249,1
DA:250,1
DA:251,0
DA:252,0
DA:253,0
DA:256,1
DA:262,1
DA:263,4
DA:264,4
DA:265,0
DA:268,0
DA:269,0
DA:270,0
DA:271,0
DA:275,1
DA:278,8
DA:279,8
DA:280,8
DA:283,8
DA:288,7
DA:289,7
DA:290,6
DA:291,11
DA:292,11
DA:293,11
DA:294,11
DA:300,7
DA:301,6
DA:303,1
DA:305,2
DA:306,2
DA:315,0
DA:317,0
LF:103
LH:86
BRDA:47,0,0,4
BRDA:47,0,1,0
BRDA:50,1,0,4
BRDA:50,1,1,0
BRDA:61,2,0,1
BRDA:61,3,0,3
BRDA:61,3,1,3
BRDA:73,4,0,2
BRDA:73,5,0,2
BRDA:73,5,1,0
BRDA:75,6,0,2
BRDA:75,6,1,1
BRDA:76,7,0,0
BRDA:76,8,0,2
BRDA:76,8,1,2
BRDA:128,9,0,0
BRDA:128,10,0,6
BRDA:128,10,1,0
BRDA:173,11,0,10
BRDA:173,11,1,0
BRDA:175,12,0,0
BRDA:175,12,1,0
BRDA:177,13,0,0
BRDA:181,14,0,10
BRDA:181,14,1,0
BRDA:188,15,0,10
BRDA:188,15,1,0
BRDA:190,16,0,2
BRDA:191,17,0,10
BRDA:191,17,1,10
BRDA:191,17,2,8
BRDA:191,17,3,8
BRDA:191,17,4,8
BRDA:244,18,0,6
BRDA:246,19,0,6
BRDA:250,20,0,0
BRDA:252,21,0,0
BRDA:252,22,0,0
BRDA:252,22,1,0
BRDA:253,23,0,0
BRDA:264,24,0,0
BRDA:269,25,0,0
BRDA:271,26,0,0
BRDA:289,27,0,6
BRDA:289,28,0,7
BRDA:289,28,1,6
BRDA:292,29,0,11
BRDA:300,30,0,6
BRDA:17,31,0,1
BRDA:17,31,1,0
BRDA:17,32,0,1
BRDA:17,32,1,1
BRDA:17,33,0,1
BRDA:17,33,1,0
BRDA:17,34,0,1
BRDA:17,34,1,1
BRDA:18,35,0,1
BRDA:18,35,1,0
BRDA:18,36,0,1
BRDA:18,36,1,1
BRDA:19,37,0,1
BRDA:19,37,1,0
BRDA:19,38,0,1
BRDA:19,38,1,1
BRF:64
BRH:40
end_of_record
TN:
SF:src\scraper\prompt-parser.service.ts
FN:8,(anonymous_1)
FN:57,(anonymous_2)
FN:79,(anonymous_3)
FN:93,(anonymous_4)
FN:134,(anonymous_5)
FN:161,(anonymous_6)
FN:167,(anonymous_7)
FNF:7
FNH:5
FNDA:14,(anonymous_1)
FNDA:14,(anonymous_2)
FNDA:168,(anonymous_3)
FNDA:14,(anonymous_4)
FNDA:14,(anonymous_5)
FNDA:0,(anonymous_6)
FNDA:0,(anonymous_7)
DA:1,2
DA:5,2
DA:6,14
DA:9,14
DA:11,14
DA:14,14
DA:15,14
DA:16,7
DA:17,7
DA:21,0
DA:25,14
DA:28,14
DA:29,14
DA:30,1
DA:31,13
DA:35,0
DA:39,14
DA:43,14
DA:45,14
DA:53,14
DA:54,14
DA:58,14
DA:61,14
DA:79,14
DA:80,168
DA:81,22
DA:86,14
DA:87,4
DA:90,14
DA:94,14
DA:97,14
DA:98,9
DA:99,5
DA:103,2
DA:104,3
DA:108,0
DA:109,3
DA:113,1
DA:114,2
DA:118,0
DA:119,2
DA:123,0
DA:124,2
DA:128,0
DA:131,2
DA:135,14
DA:138,14
DA:139,5
DA:142,14
DA:143,2
DA:146,14
DA:147,1
DA:150,14
DA:151,0
DA:154,14
DA:155,0
DA:158,14
DA:164,0
DA:167,0
DA:168,0
DA:170,0
DA:171,0
DA:173,0
DA:174,0
DA:176,0
DA:177,0
DA:179,0
DA:180,0
DA:182,0
DA:183,0
DA:185,0
DA:187,0
DA:189,0
DA:190,0
DA:192,0
DA:193,0
DA:195,0
DA:196,0
DA:198,0
DA:199,0
DA:201,0
DA:202,0
DA:204,0
DA:205,0
DA:207,0
DA:211,0
LF:86
LH:49
BRDA:15,0,0,7
BRDA:15,0,1,7
BRDA:15,1,0,14
BRDA:15,1,1,10
BRDA:17,2,0,0
BRDA:18,3,0,7
BRDA:18,3,1,7
BRDA:29,4,0,1
BRDA:29,4,1,13
BRDA:31,5,0,0
BRDA:32,6,0,13
BRDA:32,6,1,13
BRDA:80,7,0,22
BRDA:86,8,0,4
BRDA:97,9,0,9
BRDA:97,9,1,5
BRDA:99,10,0,2
BRDA:99,10,1,3
BRDA:100,11,0,5
BRDA:100,11,1,3
BRDA:104,12,0,0
BRDA:104,12,1,3
BRDA:105,13,0,3
BRDA:105,13,1,3
BRDA:109,14,0,1
BRDA:109,14,1,2
BRDA:110,15,0,3
BRDA:110,15,1,2
BRDA:114,16,0,0
BRDA:114,16,1,2
BRDA:115,17,0,2
BRDA:115,17,1,2
BRDA:119,18,0,0
BRDA:119,18,1,2
BRDA:120,19,0,2
BRDA:120,19,1,2
BRDA:124,20,0,0
BRDA:125,21,0,2
BRDA:125,21,1,2
BRDA:138,22,0,5
BRDA:138,23,0,14
BRDA:138,23,1,9
BRDA:142,24,0,2
BRDA:142,25,0,14
BRDA:142,25,1,13
BRDA:146,26,0,1
BRDA:146,27,0,14
BRDA:146,27,1,13
BRDA:150,28,0,0
BRDA:150,29,0,14
BRDA:150,29,1,14
BRDA:154,30,0,0
BRDA:154,31,0,14
BRDA:154,31,1,14
BRDA:158,32,0,8
BRDA:158,32,1,6
BRDA:168,33,0,0
BRDA:168,33,1,0
BRDA:168,33,2,0
BRDA:168,33,3,0
BRDA:168,33,4,0
BRDA:168,33,5,0
BRDA:168,33,6,0
BRDA:168,33,7,0
BRDA:168,33,8,0
BRDA:168,33,9,0
BRDA:168,33,10,0
BRDA:168,33,11,0
BRDA:168,33,12,0
BRF:69
BRH:48
end_of_record
TN:
SF:src\scraper\scraper.service.ts
FN:16,(anonymous_2)
FN:22,(anonymous_3)
FN:87,(anonymous_4)
FN:94,(anonymous_5)
FN:104,(anonymous_6)
FN:150,(anonymous_7)
FN:171,(anonymous_8)
FN:212,(anonymous_9)
FN:227,(anonymous_10)
FNF:9
FNH:0
FNDA:0,(anonymous_2)
FNDA:0,(anonymous_3)
FNDA:0,(anonymous_4)
FNDA:0,(anonymous_5)
FNDA:0,(anonymous_6)
FNDA:0,(anonymous_7)
FNDA:0,(anonymous_8)
FNDA:0,(anonymous_9)
FNDA:0,(anonymous_10)
DA:1,1
DA:2,1
DA:3,1
DA:4,1
DA:13,1
DA:14,0
DA:17,0
DA:18,0
DA:19,0
DA:26,0
DA:27,0
DA:29,0
DA:31,0
DA:32,0
DA:33,0
DA:39,0
DA:40,0
DA:47,0
DA:50,0
DA:51,0
DA:54,0
DA:60,0
DA:61,0
DA:62,0
DA:65,0
DA:67,0
DA:79,0
DA:80,0
DA:82,0
DA:83,0
DA:91,0
DA:93,0
DA:94,0
DA:95,0
DA:97,0
DA:98,0
DA:100,0
DA:101,0
DA:109,0
DA:111,0
DA:113,0
DA:120,0
DA:121,0
DA:125,0
DA:131,0
DA:140,0
DA:144,0
DA:158,0
DA:160,0
DA:162,0
DA:166,0
DA:171,0
DA:172,0
DA:179,0
DA:180,0
DA:183,0
DA:189,0
DA:195,0
DA:201,0
DA:203,0
DA:204,0
DA:217,0
DA:218,0
DA:220,0
DA:228,0
DA:229,0
LF:66
LH:5
BRDA:24,0,0,0
BRDA:32,1,0,0
BRDA:60,2,0,0
BRDA:89,3,0,0
BRDA:107,4,0,0
BRDA:155,5,0,0
BRDA:156,6,0,0
BRDA:157,7,0,0
BRDA:223,8,0,0
BRDA:223,8,1,0
BRDA:17,9,0,1
BRDA:17,9,1,0
BRDA:17,10,0,1
BRDA:17,10,1,1
BRDA:17,11,0,1
BRDA:17,11,1,0
BRDA:17,12,0,1
BRDA:17,12,1,1
BRDA:18,13,0,1
BRDA:18,13,1,0
BRDA:18,14,0,1
BRDA:18,14,1,1
BRF:22
BRH:9
end_of_record
